2016-11-11 03:16:00,391 - os.name - Linux
2016-11-11 03:16:00,391 - os.arch - amd64
2016-11-11 03:16:00,391 - os.version - 4.8.6-2.0-rt5-surfacepro3-rt
2016-11-11 03:16:00,391 - java.version - 1.8.0_112
2016-11-11 03:16:00,391 - java.vendor - Oracle Corporation
2016-11-11 03:16:00,391 - java.vendor.url - http://java.oracle.com/
2016-11-11 03:16:00,391 - java.home - /usr/lib/jvm/java-8-openjdk/jre
2016-11-11 03:16:00,391 - java.vm.specification.name - Java Virtual Machine Specification
2016-11-11 03:16:00,391 - java.vm.specification.vendor - Oracle Corporation
2016-11-11 03:16:00,391 - java.vm.specification.version - 1.8
2016-11-11 03:16:00,392 - java.class.path - /usr/lib/eclipse//plugins/org.eclipse.equinox.launcher_1.3.200.v20160318-1642.jar
2016-11-11 03:16:00,392 - java.library.path - /home/alyptik/GNUstep/Library/Libraries:/usr/lib:/usr/java/packages/lib/amd64:/usr/lib64:/lib64:/lib:/usr/lib
2016-11-11 03:16:00,392 - --------------------------------------
2016-11-11 03:16:00,392 - ## Eclipse Plug-ins Log Information ##
2016-11-11 03:16:00,392 - --------------------------------------
2016-11-11 03:16:00,411 - org.eclipse.gef4.zest.fx.ui - 1.0.0.201606082015
2016-11-11 03:16:00,415 - org.eclipse.gef4.graph - 1.0.0.201606082015
2016-11-11 03:16:00,421 - org.eclipse.gef4.mvc.compatibility.equinox - 1.0.0.201606082015
2016-11-11 03:16:00,431 - org.eclipse.gef4.common.doc - 1.0.0.201606082015
2016-11-11 03:16:00,442 - org.eclipse.gef4.zest.fx - 1.0.0.201606082015
2016-11-11 03:16:00,444 - org.eclipse.gef4.cloudio.doc.user - 1.0.0.201606082015
2016-11-11 03:16:00,455 - org.eclipse.gef4.fx.jface - 1.0.0.201606082015
2016-11-11 03:16:00,461 - org.eclipse.gef4.mvc.examples.logo - 1.0.0.201606082015
2016-11-11 03:16:00,461 - org.eclipse.gef4.mvc.examples.logo.ui - 1.0.0.201606082015
2016-11-11 03:16:00,461 - org.eclipse.gef4.mvc.examples - 1.0.0.201606082015
2016-11-11 03:16:00,477 - org.eclipse.gef4.zest.fx.jface - 1.0.0.201606082015
2016-11-11 03:16:00,479 - org.eclipse.gef4.fx.swt - 1.0.0.201606082015
2016-11-11 03:16:00,481 - org.eclipse.gef4.graph.doc - 1.0.0.201606082015
2016-11-11 03:16:00,485 - org.eclipse.gef4.mvc.ui - 1.0.0.201606082015
2016-11-11 03:16:00,488 - org.eclipse.gef4.zest.examples.graph - 1.0.0.201606082015
2016-11-11 03:16:00,488 - org.eclipse.gef4.zest.examples.graph.ui - 1.0.0.201606082015
2016-11-11 03:16:00,488 - org.eclipse.gef4.zest.examples - 1.0.0.201606082015
2016-11-11 03:16:00,502 - org.eclipse.gef4.mvc - 1.0.0.201606082015
2016-11-11 03:16:00,505 - org.eclipse.gef4.fx.compatibility.equinox - 1.0.0.201606082015
2016-11-11 03:16:00,518 - org.eclipse.gef4.common - 1.0.0.201606082015
2016-11-11 03:16:00,521 - org.eclipse.gef4.zest.fx.compatibility.equinox - 1.0.0.201606082015
2016-11-11 03:16:00,524 - org.eclipse.gef4.cloudio.ui - 1.0.0.201606082015
2016-11-11 03:16:00,527 - org.eclipse.gef4.geometry.convert.fx - 1.0.0.201606082015
2016-11-11 03:16:00,532 - org.eclipse.gef4.mvc.fx - 1.0.0.201606082015
2016-11-11 03:16:00,538 - org.eclipse.gef4.geometry.convert.swt - 1.0.0.201606082015
2016-11-11 03:16:00,540 - org.eclipse.gef4.mvc.fx.compatibility.equinox - 1.0.0.201606082015
2016-11-11 03:16:00,631 - org.eclipse.gef4.mvc.fx.ui - 1.0.0.201606082015
2016-11-11 03:16:00,665 - org.eclipse.gef4.geometry - 1.0.0.201606082015
2016-11-11 03:16:00,731 - org.eclipse.gef4.fx - 1.0.0.201606082015
2016-11-11 03:16:00,751 - org.eclipse.gef4.dot.doc.user - 1.0.0.201606082015
2016-11-11 03:16:00,884 - org.eclipse.gef4.layout - 1.0.0.201606082015
2016-11-11 03:16:00,943 - org.eclipse.emf.mapping.ecore - 2.6.0.v20160526-0356
2016-11-11 03:16:00,943 - org.eclipse.emf.mapping.ecore2ecore - 2.9.0.v20160526-0356
2016-11-11 03:16:00,944 - org.eclipse.emf.mapping.ecore2xml - 2.9.0.v20160526-0356
2016-11-11 03:16:00,976 - org.eclipse.emf.codegen.ui - 2.6.0.v20160526-0356
2016-11-11 03:16:00,981 - org.eclipse.xsd.mapping - 2.6.0.v20160526-0356
2016-11-11 03:16:00,981 - org.eclipse.emf.mapping.xsd2ecore - 2.6.0.v20160526-0356
2016-11-11 03:16:00,984 - org.eclipse.emf.databinding.edit - 1.3.0.v20160526-0356
2016-11-11 03:16:01,054 - org.eclipse.xsd.edit - 2.8.0.v20160526-0356
2016-11-11 03:16:01,079 - org.eclipse.emf.common.ui - 2.11.0.v20160526-0356
2016-11-11 03:16:01,176 - org.eclipse.emf.codegen.ecore - 2.12.0.v20160526-0356
2016-11-11 03:16:01,176 - org.eclipse.emf.ant - 2.8.0.v20160526-0356
2016-11-11 03:16:01,272 - org.eclipse.emf.converter - 2.7.0.v20160526-0356
2016-11-11 03:16:01,274 - org.eclipse.emf.importer - 2.9.0.v20160526-0356
2016-11-11 03:16:01,274 - org.eclipse.emf.exporter - 2.7.0.v20160526-0356
2016-11-11 03:16:01,274 - org.eclipse.emf.importer.ecore - 2.8.0.v20160526-0356
2016-11-11 03:16:01,276 - org.eclipse.emf.importer.java - 2.7.0.v20160526-0356
2016-11-11 03:16:01,276 - org.eclipse.emf.importer.rose - 2.8.0.v20160526-0356
2016-11-11 03:16:01,622 - org.eclipse.emf.edit.ui - 2.12.0.v20160526-0356
2016-11-11 03:16:01,766 - org.eclipse.emf.codegen - 2.11.0.v20160526-0356
2016-11-11 03:16:01,865 - org.eclipse.emf.codegen.ecore.ui - 2.12.0.v20160526-0356
2016-11-11 03:16:01,958 - org.eclipse.emf.ecore.editor - 2.12.0.v20160526-0356
2016-11-11 03:16:02,019 - org.eclipse.emf - 2.6.0.v20160526-0356
2016-11-11 03:16:02,088 - org.eclipse.emf.mapping.ui - 2.7.0.v20160526-0356
2016-11-11 03:16:02,098 - org.eclipse.emf.mapping.ecore.editor - 2.6.0.v20160526-0356
2016-11-11 03:16:02,098 - org.eclipse.emf.mapping.ecore2ecore.editor - 2.7.0.v20160526-0356
2016-11-11 03:16:02,098 - org.eclipse.emf.mapping.ecore2xml.ui - 2.8.0.v20160526-0356
2016-11-11 03:16:02,181 - org.eclipse.xsd.ecore.converter - 2.6.0.v20160526-0356
2016-11-11 03:16:02,181 - org.eclipse.xsd.ecore.importer - 2.7.0.v20160526-0356
2016-11-11 03:16:02,181 - org.eclipse.xsd.ecore.exporter - 2.5.0.v20160526-0356
2016-11-11 03:16:02,237 - org.eclipse.xsd.mapping.editor - 2.7.0.v20160526-0356
2016-11-11 03:16:02,240 - org.eclipse.emf.mapping.xsd2ecore.editor - 2.6.0.v20160526-0356
2016-11-11 03:16:02,325 - org.eclipse.emf.databinding - 1.3.0.v20160526-0356
2016-11-11 03:16:02,404 - org.eclipse.xsd - 2.12.0.v20160526-0356
2016-11-11 03:16:02,463 - org.eclipse.xsd.editor - 2.8.0.v20160526-0356
2016-11-11 03:16:02,507 - org.eclipse.emf.ecore.edit - 2.9.0.v20160526-0356
2016-11-11 03:16:02,507 - org.eclipse.emf.ecore.change.edit - 2.6.0.v20160526-0356
2016-11-11 03:16:02,537 - org.eclipse.emf.mapping - 2.9.0.v20160526-0356
2016-11-11 03:16:02,560 - org.eclipse.emf.edit - 2.12.0.v20160526-0356
2016-11-11 03:16:02,566 - org.eclipse.team.svn.revision.graph - 4.0.0.I20160226-1700
2016-11-11 03:16:02,571 - org.eclipse.andmore.hierarchyviewer - 0.5.0.201605181018
2016-11-11 03:16:02,594 - org.eclipse.sequoyah.device.backward - 2.1.0.N20120718-0509
2016-11-11 03:16:02,594 - org.eclipse.sequoyah.device.framework - 2.1.0.N20120718-0509
2016-11-11 03:16:02,598 - org.eclipse.sequoyah.device.framework.ui - 2.1.0.N20120718-0509
2016-11-11 03:16:02,598 - org.eclipse.sequoyah.device.service.start - 2.1.0.N20120718-0509
2016-11-11 03:16:02,598 - org.eclipse.sequoyah.device.service.stop - 2.1.0.N20120718-0509
2016-11-11 03:16:02,606 - org.eclipse.sequoyah.device.framework.wizard - 2.1.0.N20120718-0509
2016-11-11 03:16:02,674 - org.eclipse.jpt.dbws.eclipselink.ui - 1.1.200.v201603180253
2016-11-11 03:16:02,674 - org.eclipse.jpt.dbws.eclipselink.core.gen - 1.1.200.v201603180253
2016-11-11 03:16:02,765 - javax.wsdl - 1.6.2.v201012040545
2016-11-11 03:16:02,769 - org.eclipse.persistence.dbws - 2.6.0.v20140809-296a69f
2016-11-11 03:16:02,778 - org.eclipse.persistence.dbws.builder - 2.6.0.v20140809-296a69f
2016-11-11 03:16:02,778 - org.eclipse.jpt.dbws.eclipselink.branding - 1.2.100.v201309202144
2016-11-11 03:16:02,779 - org.eclipse.gef - 3.11.0.201606061308
2016-11-11 03:16:02,802 - javax.persistence - 2.1.0.v201304241213
2016-11-11 03:16:02,802 - org.eclipse.jpt.jpa.annotate - 1.0.100.v201309261652
2016-11-11 03:16:02,802 - org.eclipse.jpt.jpa.core - 3.5.0.v201603181811
2016-11-11 03:16:02,802 - org.eclipse.jpt.jpa.db - 2.2.200.v201603180253
2016-11-11 03:16:02,802 - org.eclipse.jpt.jpa.db.ui - 2.1.200.v201603180253
2016-11-11 03:16:02,802 - org.eclipse.jpt.jpa.gen - 2.3.200.v201512212242
2016-11-11 03:16:02,802 - org.eclipse.jpt.jpa.ui - 3.4.100.v201603180253
2016-11-11 03:16:02,802 - org.eclipse.jpt.doc.user - 3.2.100.v201308231650
2016-11-11 03:16:02,866 - org.eclipse.persistence.jpa.jpql - 2.6.0.v20140809-296a69f
2016-11-11 03:16:02,873 - org.apache.commons.collections - 3.2.2.v201511171945
2016-11-11 03:16:02,883 - org.apache.commons.lang - 2.6.0.v201404270220
2016-11-11 03:16:02,891 - org.apache.velocity - 1.5.0.v200905192330
2016-11-11 03:16:02,899 - org.jdom - 1.1.1.v201101151400
2016-11-11 03:16:02,899 - org.eclipse.jpt.jpa.branding - 3.4.0.v201309202144
2016-11-11 03:16:02,900 - org.eclipse.cdt.debug.gdbjtag.core - 9.0.0.201609121658
2016-11-11 03:16:02,901 - org.eclipse.cdt.debug.gdbjtag.ui - 8.0.0.201609121658
2016-11-11 03:16:02,901 - org.eclipse.cdt.debug.gdbjtag - 7.0.0.201609121658
2016-11-11 03:16:02,902 - org.eclipse.tm.terminal.view.core - 4.0.0.201512160834
2016-11-11 03:16:02,902 - org.eclipse.tm.terminal.view.ui - 4.1.0.201606052343
2016-11-11 03:16:02,938 - org.eclipse.datatools.enablement.sqlite - 1.1.0.201603142002
2016-11-11 03:16:02,938 - org.eclipse.datatools.enablement.sqlite.dbdefinition - 1.1.0.201603142002
2016-11-11 03:16:02,938 - org.eclipse.datatools.enablement.sqlite.ui - 1.1.0.201603142002
2016-11-11 03:16:02,938 - org.eclipse.datatools.enablement.finfo - 1.6.0.201603142002
2016-11-11 03:16:02,943 - org.eclipse.team.svn.sources - 4.0.2.I20160902-1700
2016-11-11 03:16:02,948 - org.eclipse.tcf.te.tcf.launch.core - 1.4.0.201603240930
2016-11-11 03:16:02,948 - org.eclipse.tcf.te.tcf.launch.ui - 1.4.0.201509031107
2016-11-11 03:16:02,982 - org.eclipse.team.svn.mylyn - 4.0.0.I20160226-1700
2016-11-11 03:16:02,985 - jsonedit-core - 1.0.0.final
2016-11-11 03:16:02,986 - jsonedit-folding - 1.0.0.final
2016-11-11 03:16:02,986 - jsonedit-model - 1.0.0.final
2016-11-11 03:16:02,986 - jsonedit-outline - 1.0.0.final
2016-11-11 03:16:02,986 - jsonedit-preferences - 1.0.0.final
2016-11-11 03:16:02,987 - jsonedit-text - 1.0.0.final
2016-11-11 03:16:02,987 - jsonedit-editor - 1.0.0.final
2016-11-11 03:16:02,990 - org.eclipse.mylyn.cvs.core - 1.12.0.v20160421-1824
2016-11-11 03:16:02,993 - org.eclipse.datatools.enablement.postgresql.dbdefinition - 1.1.0.201603142002
2016-11-11 03:16:02,993 - org.eclipse.datatools.enablement.postgresql - 1.2.0.201603142002
2016-11-11 03:16:02,993 - org.eclipse.datatools.enablement.postgresql.ui - 1.1.0.201603142002
2016-11-11 03:16:02,993 - org.eclipse.datatools.enablement.finfo - 1.6.0.201603142002
2016-11-11 03:16:02,996 - org.eclipse.datatools.enablement.oda.ws.ui - 1.3.0.201603142002
2016-11-11 03:16:02,997 - org.eclipse.datatools.enablement.oda.xml.ui - 1.3.0.201603142002
2016-11-11 03:16:02,997 - org.eclipse.datatools.connectivity.oda.flatfile.ui - 3.2.0.201603142002
2016-11-11 03:16:03,001 - org.eclipse.cdt.docker.launcher - 1.0.0.201609121658
2016-11-11 03:16:03,003 - org.eclipse.tm.terminal.view.ui.rse - 4.1.0.201509041418
2016-11-11 03:16:03,004 - org.eclipse.datatools.connectivity.oda.design.ui - 3.3.0.201603142002
2016-11-11 03:16:03,004 - org.eclipse.datatools.connectivity.ui.dse - 1.2.0.201603142002
2016-11-11 03:16:03,004 - org.eclipse.datatools.connectivity.ui - 1.3.0.201603142002
2016-11-11 03:16:03,007 - org.eclipse.datatools.connectivity.sqm.core - 1.3.0.201603142002
2016-11-11 03:16:03,011 - org.eclipse.datatools.help - 1.6.0.201603142002
2016-11-11 03:16:03,015 - org.eclipse.php.core - 4.1.0.201609140517
2016-11-11 03:16:03,015 - org.eclipse.php.debug.core - 4.1.0.201609140517
2016-11-11 03:16:03,017 - org.eclipse.php.debug.ui - 4.1.0.201609140517
2016-11-11 03:16:03,017 - org.eclipse.php.server.core - 4.1.0.201609140517
2016-11-11 03:16:03,017 - org.eclipse.php.server.ui - 4.1.0.201609140517
2016-11-11 03:16:03,017 - org.eclipse.php.ui - 4.1.0.201609140517
2016-11-11 03:16:03,017 - org.eclipse.php.debug.daemon - 4.1.0.201609140517
2016-11-11 03:16:03,017 - org.eclipse.php.help - 4.1.0.201609140517
2016-11-11 03:16:03,021 - org.eclipse.php.core.parser - 4.1.0.201609140517
2016-11-11 03:16:03,021 - org.eclipse.php.formatter.core - 4.1.0.201609140517
2016-11-11 03:16:03,021 - org.eclipse.php.formatter.ui - 4.1.0.201609140517
2016-11-11 03:16:03,021 - org.eclipse.php.refactoring.core - 4.1.0.201609140517
2016-11-11 03:16:03,021 - org.eclipse.php.refactoring.ui - 4.1.0.201609140517
2016-11-11 03:16:03,026 - org.eclipse.cdt.mylyn.ui - 3.20.0.v20160421-1902
2016-11-11 03:16:03,029 - org.eclipse.graphiti - 0.13.1.v20160830-1309
2016-11-11 03:16:03,029 - org.eclipse.graphiti.ui - 0.13.1.v20160830-1309
2016-11-11 03:16:03,029 - org.eclipse.graphiti.mm - 0.13.1.v20160830-1309
2016-11-11 03:16:03,030 - org.eclipse.graphiti.pattern - 0.13.1.v20160830-1309
2016-11-11 03:16:03,032 - org.eclipse.xtend.core - 2.10.0.v201605250459
2016-11-11 03:16:03,032 - org.eclipse.xtend.ide.common - 2.10.0.v201605250459
2016-11-11 03:16:03,042 - org.eclipse.xtend.lib - 2.10.0.v201605250459
2016-11-11 03:16:03,063 - org.eclipse.xtend.lib.macro - 2.10.0.v201605250459
2016-11-11 03:16:03,064 - org.eclipse.xtend2.lib - 2.10.0.v201605250459
2016-11-11 03:16:03,064 - org.eclipse.xtend.ide - 2.10.0.v201605250459
2016-11-11 03:16:03,064 - org.eclipse.xtend.examples - 2.10.0.v201605250459
2016-11-11 03:16:03,064 - org.eclipse.xtend.doc - 2.10.0.v201605250459
2016-11-11 03:16:03,064 - org.eclipse.xtend.m2e - 2.10.0.v201605250459
2016-11-11 03:16:03,064 - org.eclipse.xtend.standalone - 2.10.0.v201605250459
2016-11-11 03:16:03,066 - net.sourceforge.lpg.lpgjavaruntime - 1.1.0.v201004271650
2016-11-11 03:16:03,066 - org.eclipse.cdt.core.lrparser - 5.2.0.201609121658
2016-11-11 03:16:03,068 - org.eclipse.m2e.wtp.jsf - 1.3.1.20160831-1005
2016-11-11 03:16:03,069 - org.eclipse.datatools.connectivity.db.generic - 1.1.0.201603142002
2016-11-11 03:16:03,069 - org.eclipse.datatools.connectivity.db.generic.ui - 1.1.0.201603142002
2016-11-11 03:16:03,069 - org.eclipse.datatools.connectivity.dbdefinition.genericJDBC - 1.1.0.201603142002
2016-11-11 03:16:03,070 - org.eclipse.wst.common.project.facet.core - 1.4.300.v201111030423
2016-11-11 03:16:03,070 - org.eclipse.wst.common.project.facet.ui - 1.4.600.v201505072140
2016-11-11 03:16:03,073 - org.eclipse.datatools.intro - 1.7.0.v201005281800
2016-11-11 03:16:03,082 - org.eclipse.php.mylyn.ui - 4.1.0.201609140517
2016-11-11 03:16:03,089 - org.eclipse.jst.common.project.facet.core - 1.4.500.v201508121553
2016-11-11 03:16:03,089 - org.eclipse.jst.common.project.facet.ui - 1.4.510.v201501141810
2016-11-11 03:16:03,097 - org.eclipse.mat.report - 1.6.0.201605311117
2016-11-11 03:16:03,097 - org.eclipse.mat.api - 1.6.0.201605311117
2016-11-11 03:16:03,097 - org.eclipse.mat.hprof - 1.6.0.201605311117
2016-11-11 03:16:03,097 - org.eclipse.mat.parser - 1.6.0.201605311117
2016-11-11 03:16:03,097 - org.eclipse.mat.ui - 1.6.0.201605311117
2016-11-11 03:16:03,097 - org.eclipse.mat.ui.help - 1.6.0.201605311117
2016-11-11 03:16:03,097 - org.eclipse.mat.jdt - 1.6.0.201605311117
2016-11-11 03:16:03,097 - org.eclipse.mat.dtfj - 1.6.0.201605311117
2016-11-11 03:16:03,100 - org.eclipse.mat.ibmdumps - 1.6.0.201605311117
2016-11-11 03:16:03,100 - org.eclipse.mat.jruby.resolver - 1.6.0.201605311117
2016-11-11 03:16:03,104 - org.eclipse.jpt.jaxb.core - 1.4.100.v201603180253
2016-11-11 03:16:03,104 - org.eclipse.jpt.jaxb.core.schemagen - 1.1.200.v201603180253
2016-11-11 03:16:03,106 - org.eclipse.jpt.jaxb.ui - 1.5.100.v201603180253
2016-11-11 03:16:03,106 - org.eclipse.jpt.jaxb.branding - 1.4.0.v201309202144
2016-11-11 03:16:03,113 - org.eclipse.datatools.enablement.finfo - 1.6.0.201603142002
2016-11-11 03:16:03,113 - org.eclipse.datatools.sqltools.db.derby.ui - 1.1.0.201603142002
2016-11-11 03:16:03,113 - org.eclipse.datatools.sqltools.db.generic.ui - 1.1.0.201603142002
2016-11-11 03:16:03,165 - org.eclipse.mylyn.gerrit.core - 2.11.0.v20160421-1821
2016-11-11 03:16:03,165 - org.eclipse.mylyn.gerrit.ui - 2.11.0.v20160421-1821
2016-11-11 03:16:03,188 - javax.servlet - 3.1.0.v201410161800
2016-11-11 03:16:03,191 - org.eclipse.tcf.te.tcf.launch.cdt - 1.4.0.201605110929
2016-11-11 03:16:03,193 - org.eclipse.datatools.enablement.jdt.classpath - 1.1.0.201603142002
2016-11-11 03:16:03,204 - org.eclipse.datatools.enablement.mysql.dbdefinition - 1.1.0.201603142002
2016-11-11 03:16:03,204 - org.eclipse.datatools.enablement.mysql - 1.1.0.201603142002
2016-11-11 03:16:03,204 - org.eclipse.datatools.enablement.mysql.ui - 1.1.0.201603142002
2016-11-11 03:16:03,204 - org.eclipse.datatools.enablement.finfo - 1.6.0.201603142002
2016-11-11 03:16:03,207 - org.eclipse.datatools.enablement.msft.sqlserver.dbdefinition - 1.1.0.201603142002
2016-11-11 03:16:03,207 - org.eclipse.datatools.enablement.msft.sqlserver - 1.1.0.201603142002
2016-11-11 03:16:03,207 - org.eclipse.datatools.enablement.msft.sqlserver.ui - 1.1.0.201603142002
2016-11-11 03:16:03,207 - org.eclipse.datatools.enablement.finfo - 1.6.0.201603142002
2016-11-11 03:16:03,221 - org.eclipse.ecf.doc - 1.3.100.v20160823-2221
2016-11-11 03:16:03,221 - org.eclipse.ecf.presence - 2.1.0.v20160823-2221
2016-11-11 03:16:03,221 - org.eclipse.ecf.provider.irc - 1.3.200.v20160823-2221
2016-11-11 03:16:03,221 - org.eclipse.ecf.ui - 2.2.0.v20160823-2221
2016-11-11 03:16:03,221 - org.eclipse.ecf.provider.ui - 1.4.0.v20160823-2221
2016-11-11 03:16:03,221 - org.eclipse.ecf.presence.ui - 2.4.0.v20160823-2221
2016-11-11 03:16:03,221 - org.eclipse.ecf.provider.xmpp.ui - 2.2.100.v20160823-2221
2016-11-11 03:16:03,221 - org.eclipse.ecf.provider.irc.ui - 1.3.0.v20160823-2221
2016-11-11 03:16:03,221 - org.eclipse.ecf.discovery.ui - 3.0.100.v20160823-2221
2016-11-11 03:16:03,221 - org.eclipse.ecf.provider.bittorrent - 0.3.200.v20160823-2221
2016-11-11 03:16:03,221 - org.eclipse.ecf.provider.bittorrent.ui - 0.2.0.v20160823-2221
2016-11-11 03:16:03,221 - org.eclipse.ecf.filetransfer.ui - 1.5.0.v20160823-2221
2016-11-11 03:16:03,221 - org.eclipse.ecf.provider.msn - 1.2.0.v20160823-2221
2016-11-11 03:16:03,221 - org.eclipse.ecf.provider.msn.ui - 1.3.0.v20160823-2221
2016-11-11 03:16:03,221 - org.eclipse.ecf.presence.bot - 1.3.100.v20160823-2221
2016-11-11 03:16:03,221 - org.eclipse.ecf.telephony.call - 2.0.0.v20160823-2221
2016-11-11 03:16:03,221 - org.eclipse.ecf.telephony.call.ui - 1.3.0.v20160823-2221
2016-11-11 03:16:03,221 - org.eclipse.ecf.protocol.msn - 1.2.0.v20160823-2221
2016-11-11 03:16:03,222 - org.eclipse.ecf.presence.collab.ui - 1.3.0.v20160823-2221
2016-11-11 03:16:03,222 - org.eclipse.ecf.provider.filetransfer.efs - 1.5.0.v20160823-2221
2016-11-11 03:16:03,222 - org.eclipse.ecf.provider.filetransfer.scp - 2.1.0.v20160823-2221
2016-11-11 03:16:03,222 - org.eclipse.ecf.remoteservice.ui - 3.4.0.v20160823-2221
2016-11-11 03:16:03,223 - org.eclipse.ecf.protocol.bittorrent - 0.3.0.v20160823-2221
2016-11-11 03:16:03,223 - org.eclipse.ecf.storage - 2.0.0.v20160823-2221
2016-11-11 03:16:03,223 - org.eclipse.ecf.discovery.ui.edit - 3.0.0.v20160823-2221
2016-11-11 03:16:03,224 - org.eclipse.ecf.discovery.ui.model - 3.0.0.v20160823-2221
2016-11-11 03:16:03,224 - org.eclipse.ecf.discovery.ui.properties - 3.0.0.v20160823-2221
2016-11-11 03:16:03,224 - org.eclipse.ecf.discovery.ui.properties.tabbed - 3.0.0.v20160823-2221
2016-11-11 03:16:03,224 - org.eclipse.ecf.example.clients - 2.0.0.v20160823-2221
2016-11-11 03:16:03,224 - org.eclipse.ecf.example.collab - 2.0.0.v20160823-2221
2016-11-11 03:16:03,224 - org.eclipse.ecf.example.collab.editor - 1.0.200.v20160823-2221
2016-11-11 03:16:03,224 - org.eclipse.team.ecf.core - 1.0.0.v20160823-2221
2016-11-11 03:16:03,224 - org.eclipse.team.ecf.ui - 1.0.0.v20160823-2221
2016-11-11 03:16:03,224 - org.eclipse.ecf.discovery.ui.browser - 1.0.0.v20160823-2221
2016-11-11 03:16:03,226 - org.eclipse.ecf.ui.capabilities - 1.0.0.v20160823-2221
2016-11-11 03:16:03,226 - org.eclipse.ecf.discovery.ui.userinput - 1.0.0.v20160823-2221
2016-11-11 03:16:03,226 - org.eclipse.ecf.remoteservices.tooling.pde - 1.0.0.v20160823-2221
2016-11-11 03:16:03,226 - org.eclipse.ecf.storage - 2.0.0.v20160823-2221
2016-11-11 03:16:03,226 - org.eclipse.ecf.sync - 2.0.100.v20160823-2221
2016-11-11 03:16:03,226 - org.eclipse.ecf.protocol.msn - 1.2.0.v20160823-2221
2016-11-11 03:16:03,226 - org.eclipse.ecf.provider.msn - 1.2.0.v20160823-2221
2016-11-11 03:16:03,236 - org.eclipse.team.svn.resource.ignore.rules.jdt.sources - 4.0.0.I20160226-1700
2016-11-11 03:16:03,243 - org.eclipse.egit.gitflow - 4.4.1.201607150455-r
2016-11-11 03:16:03,243 - org.eclipse.egit.gitflow.ui - 4.4.1.201607150455-r
2016-11-11 03:16:03,255 - org.eclipse.wst.jsdt.chromium.debug.core - 0.5.0.v201608251013
2016-11-11 03:16:03,255 - org.eclipse.wst.jsdt.chromium.debug.ui - 0.6.0.v201608251013
2016-11-11 03:16:03,255 - org.eclipse.wst.jsdt.chromium.debug.js - 0.1.0.v201608311919
2016-11-11 03:16:03,256 - org.eclipse.wst.jsdt.chromium.debug - 0.4.0.v201605131737
2016-11-11 03:16:03,266 - org.eclipse.wst.jsdt.chromium - 0.4.0.v201608161838
2016-11-11 03:16:03,267 - org.eclipse.wst.jsdt.chromium.debug.jsdtbridge - 0.4.0.v201608251013
2016-11-11 03:16:03,267 - org.eclipse.wst.jsdt.chromium.wip.eclipse - 0.4.0.v201605131737
2016-11-11 03:16:03,267 - org.eclipse.wst.jsdt.chromium.wipbackend.dev - 0.4.0.v201609071943
2016-11-11 03:16:03,267 - org.eclipse.wst.jsdt.chromium.wipbackend.protocol_1_0 - 0.4.0.v201605311527
2016-11-11 03:16:03,282 - org.eclipse.sequoyah.localization.android - 2.1.0.N20120718-0509
2016-11-11 03:16:03,282 - org.eclipse.sequoyah.localization.android.help - 2.1.1.N20120718-0509
2016-11-11 03:16:03,336 - org.eclipse.m2e.wtp.jpa - 1.3.1.20160831-1005
2016-11-11 03:16:03,344 - org.eclipse.team.svn.mylyn.sources - 4.0.0.I20160226-1700
2016-11-11 03:16:03,355 - org.eclipse.jst.ws.jaxws.core - 1.0.403.v201602092125
2016-11-11 03:16:03,356 - org.eclipse.jst.ws.jaxws.ui - 1.0.401.v201504291921
2016-11-11 03:16:03,357 - javax.xml.ws - 2.1.0.v200902101523
2016-11-11 03:16:03,365 - javax.jws - 2.0.0.v201005080400
2016-11-11 03:16:03,365 - org.eclipse.jst.ws.annotations.core - 1.2.200.v201311102023
2016-11-11 03:16:03,367 - javax.xml.stream - 1.0.1.v201004272200
2016-11-11 03:16:03,368 - org.eclipse.jst.ws.jaxb.core - 1.0.200.v201309232152
2016-11-11 03:16:03,368 - javax.wsdl - 1.6.2.v201012040545
2016-11-11 03:16:03,368 - org.jdom - 1.1.1.v201101151400
2016-11-11 03:16:03,376 - org.eclipse.objectteams.otdt - 2.5.1.201609131451
2016-11-11 03:16:03,376 - org.eclipse.objectteams.otdt.debug - 2.3.0.201406101339
2016-11-11 03:16:03,376 - org.eclipse.objectteams.otdt.debug.ui - 2.5.0.201606070956
2016-11-11 03:16:03,376 - org.eclipse.objectteams.otdt.ui - 2.5.0.201606070956
2016-11-11 03:16:03,376 - org.eclipse.objectteams.otdt.ui.help - 2.5.0.201606070956
2016-11-11 03:16:03,376 - org.eclipse.objectteams.otdt.doc - 2.5.0.201606070956
2016-11-11 03:16:03,376 - org.eclipse.objectteams.otdt.jdt.ui - 2.5.0.201606070956
2016-11-11 03:16:03,376 - org.eclipse.objectteams.otdt.compiler.adaptor - 2.5.0.201606070956
2016-11-11 03:16:03,376 - org.eclipse.objectteams.otdt.debug.adaptor - 2.5.0.201606070956
2016-11-11 03:16:03,376 - org.eclipse.objectteams.otdt.pde.ui - 2.5.0.201606070956
2016-11-11 03:16:03,376 - org.eclipse.objectteams.otdt.refactoring - 2.5.0.201606070956
2016-11-11 03:16:03,376 - org.eclipse.objectteams.otdt.samples - 2.5.0.201606070956
2016-11-11 03:16:03,376 - org.eclipse.objectteams.otdt.apt - 2.5.0.201606070956
2016-11-11 03:16:03,379 - org.eclipse.datatools.connectivity.doc.user.contexts - 1.7.0.20090521092446
2016-11-11 03:16:03,379 - org.eclipse.datatools.connectivity.doc.user - 1.7.0.20090521092446
2016-11-11 03:16:03,383 - org.eclipse.cdt.build.crossgcc - 1.1.0.201609121658
2016-11-11 03:16:03,389 - org.eclipse.wst.json.ui - 1.0.1.v201608312053
2016-11-11 03:16:03,389 - org.eclipse.wst.json.bower.ui - 1.0.0.v201605201503
2016-11-11 03:16:03,389 - org.eclipse.wst.json.eslint.ui - 1.0.0.v201605201503
2016-11-11 03:16:03,389 - org.eclipse.wst.json.jshint.ui - 1.0.0.v201605201503
2016-11-11 03:16:03,389 - org.eclipse.wst.json.npm.ui - 1.0.0.v201605201503
2016-11-11 03:16:03,393 - org.eclipse.ldt.doc.user - 1.1.0.201608302152
2016-11-11 03:16:03,393 - org.eclipse.ldt.metalua - 1.1.0.201608302152
2016-11-11 03:16:03,393 - org.eclipse.ldt.ui - 1.3.0.201608302152
2016-11-11 03:16:03,393 - com.naef.jnlua - 1.0.3.201608302152
2016-11-11 03:16:03,393 - org.eclipse.ldt.debug.core - 1.2.0.201608302152
2016-11-11 03:16:03,393 - org.eclipse.ldt.debug.ui - 1.1.0.201608302152
2016-11-11 03:16:03,393 - org.eclipse.ldt - 1.3.0.201608302152
2016-11-11 03:16:03,394 - com.cforcoding.jmd - 0.8.1.201608302152
2016-11-11 03:16:03,395 - com.naef.jnlua.linux64 - 1.0.3.201608302152
2016-11-11 03:16:03,395 - org.eclipse.ldt.branding - 1.1.0.201608302152
2016-11-11 03:16:03,395 - org.eclipse.ldt.support.lua51 - 1.1.0.201608302152
2016-11-11 03:16:03,404 - org.eclipse.mylyn.pde.ui - 3.20.0.v20160421-1902
2016-11-11 03:16:03,409 - org.eclipse.andmore.ndk - 0.5.0.201605181018
2016-11-11 03:16:03,461 - org.eclipse.datatools.connectivity.oda.consumer - 3.3.0.201603142002
2016-11-11 03:16:03,461 - org.eclipse.datatools.connectivity.oda.design - 3.4.0.201603142002
2016-11-11 03:16:03,461 - org.eclipse.datatools.connectivity.oda.profile - 3.3.0.201603142002
2016-11-11 03:16:03,461 - org.eclipse.datatools.connectivity.oda - 3.5.0.201603142002
2016-11-11 03:16:03,461 - org.eclipse.datatools.connectivity - 1.13.0.201603142002
2016-11-11 03:16:03,468 - org.eclipse.andmore.android.certmanager - 0.5.0.201605181018
2016-11-11 03:16:03,471 - org.eclipse.sequoyah.localization.tools - 2.1.0.N20120718-0509
2016-11-11 03:16:03,471 - org.eclipse.sequoyah.localization.editor - 2.1.0.N20120718-0509
2016-11-11 03:16:03,475 - org.eclipse.team.svn - 4.0.2.I20160902-1700
2016-11-11 03:16:03,476 - org.eclipse.team.svn.core - 4.0.2.I20160902-1700
2016-11-11 03:16:03,476 - org.eclipse.team.svn.ui - 4.0.2.I20160902-1700
2016-11-11 03:16:03,476 - org.eclipse.team.svn.ui.startup - 4.0.0.I20160226-1700
2016-11-11 03:16:03,476 - org.eclipse.team.svn.help - 4.0.2.I20160902-1700
2016-11-11 03:16:03,477 - org.eclipse.cdt.sdk - 9.1.0.201609121658
2016-11-11 03:16:03,478 - org.eclipse.cdt.doc.isv - 5.4.0.201609121658
2016-11-11 03:16:03,481 - com.naef.jnlua - 1.0.3.201608302152
2016-11-11 03:16:03,481 - com.naef.jnlua.linux64 - 1.0.3.201608302152
2016-11-11 03:16:03,481 - org.eclipse.ldt.support.lua52 - 1.1.0.201608302152
2016-11-11 03:16:03,483 - org.eclipse.sequoyah.device.common.utilities - 2.1.0.N20120718-0509
2016-11-11 03:16:03,498 - org.apache.commons.net - 3.2.0.v201305141515
2016-11-11 03:16:03,498 - org.eclipse.rse.connectorservice.telnet - 1.2.300.201505220524
2016-11-11 03:16:03,498 - org.eclipse.rse.services.telnet - 2.0.400.201403100950
2016-11-11 03:16:03,498 - org.eclipse.rse.subsystems.shells.telnet - 1.2.300.201403100950
2016-11-11 03:16:03,500 - org.eclipse.team.svn.revision.graph.sources - 4.0.0.I20160226-1700
2016-11-11 03:16:03,503 - org.eclipse.datatools.connectivity.oda.template.ui - 3.3.0.201603142002
2016-11-11 03:16:03,506 - org.eclipse.datatools.enablement.ibm - 1.1.0.201603142002
2016-11-11 03:16:03,506 - org.eclipse.datatools.enablement.ibm.db2 - 1.1.0.201603142002
2016-11-11 03:16:03,506 - org.eclipse.datatools.enablement.ibm.db2.iseries.dbdefinition - 1.1.0.201603142002
2016-11-11 03:16:03,506 - org.eclipse.datatools.enablement.ibm.db2.iseries - 1.1.0.201603142002
2016-11-11 03:16:03,506 - org.eclipse.datatools.enablement.ibm.db2.iseries.ui - 1.1.0.201603142002
2016-11-11 03:16:03,506 - org.eclipse.datatools.enablement.ibm.db2.luw.dbdefinition - 1.1.0.201603142002
2016-11-11 03:16:03,506 - org.eclipse.datatools.enablement.ibm.db2.luw - 1.1.0.201603142002
2016-11-11 03:16:03,506 - org.eclipse.datatools.enablement.ibm.db2.luw.ui - 1.1.0.201603142002
2016-11-11 03:16:03,506 - org.eclipse.datatools.enablement.ibm.db2.zseries.dbdefinition - 1.1.0.201603142002
2016-11-11 03:16:03,506 - org.eclipse.datatools.enablement.ibm.db2.zseries - 1.1.0.201603142002
2016-11-11 03:16:03,506 - org.eclipse.datatools.enablement.ibm.db2.zseries.ui - 1.1.0.201603142002
2016-11-11 03:16:03,506 - org.eclipse.datatools.enablement.ibm.informix.dbdefinition - 1.1.0.201603142002
2016-11-11 03:16:03,506 - org.eclipse.datatools.enablement.ibm.informix - 1.1.0.201603142002
2016-11-11 03:16:03,506 - org.eclipse.datatools.enablement.ibm.informix.ui - 1.1.0.201603142002
2016-11-11 03:16:03,506 - org.eclipse.datatools.enablement.ibm.ui - 1.1.0.201603142002
2016-11-11 03:16:03,508 - org.eclipse.dltk.xotcl.core - 5.6.0.201608300412
2016-11-11 03:16:03,508 - org.eclipse.dltk.xotcl.ui - 5.6.0.201608300412
2016-11-11 03:16:03,508 - org.eclipse.dltk.xotcl.testing.xounit - 5.6.0.201608300412
2016-11-11 03:16:03,509 - org.eclipse.dltk.xotcl - 5.6.0.201608300412
2016-11-11 03:16:03,511 - org.eclipse.cdt.launch.remote - 2.5.0.201609121658
2016-11-11 03:16:03,513 - org.eclipse.rse.core - 3.3.100.201603151753
2016-11-11 03:16:03,514 - org.eclipse.rse.doc.user - 3.4.100.201403101646
2016-11-11 03:16:03,514 - org.eclipse.rse.efs - 2.1.401.201507172212
2016-11-11 03:16:03,514 - org.eclipse.rse.efs.ui - 2.1.400.201403100950
2016-11-11 03:16:03,514 - org.eclipse.rse.importexport - 1.2.300.201403100950
2016-11-11 03:16:03,514 - org.eclipse.rse.files.ui - 3.2.200.201507172213
2016-11-11 03:16:03,514 - org.eclipse.rse.processes.ui - 3.0.400.201403100950
2016-11-11 03:16:03,514 - org.eclipse.rse.services - 3.3.0.201506120731
2016-11-11 03:16:03,514 - org.eclipse.rse.shells.ui - 3.0.500.201403271554
2016-11-11 03:16:03,514 - org.eclipse.rse.subsystems.files.core - 3.3.1.201403100950
2016-11-11 03:16:03,514 - org.eclipse.rse.subsystems.processes.core - 3.1.300.201403100950
2016-11-11 03:16:03,514 - org.eclipse.rse.subsystems.processes.shell.linux - 1.1.400.201403100950
2016-11-11 03:16:03,514 - org.eclipse.rse.subsystems.shells.core - 3.1.300.201403271554
2016-11-11 03:16:03,514 - org.eclipse.rse.ui - 3.3.200.201601281257
2016-11-11 03:16:03,516 - org.eclipse.jpt.common.eclipselink.core - 1.3.200.v201603180253
2016-11-11 03:16:03,516 - org.eclipse.jpt.common.eclipselink.branding - 1.3.100.v201309202144
2016-11-11 03:16:03,518 - org.eclipse.datatools.connectivity.sqm.core.ui - 1.3.0.201603142002
2016-11-11 03:16:03,519 - org.eclipse.datatools.connectivity.sqm.core - 1.3.0.201603142002
2016-11-11 03:16:03,519 - org.eclipse.datatools.connectivity.sqm.server.ui - 1.2.0.201603142002
2016-11-11 03:16:03,519 - org.eclipse.datatools.connectivity.ui.dse - 1.2.0.201603142002
2016-11-11 03:16:03,519 - org.eclipse.datatools.connectivity.ui - 1.3.0.201603142002
2016-11-11 03:16:03,519 - org.eclipse.datatools.connectivity - 1.13.0.201603142002
2016-11-11 03:16:03,519 - org.eclipse.datatools.help - 1.6.0.201603142002
2016-11-11 03:16:03,519 - org.eclipse.datatools.connectivity.console.profile - 1.1.0.201603142002
2016-11-11 03:16:03,521 - org.eclipse.dltk.itcl.core - 5.6.0.201608300412
2016-11-11 03:16:03,521 - org.eclipse.dltk.itcl.ui - 5.6.0.201608300412
2016-11-11 03:16:03,525 - org.eclipse.dltk.itcl - 5.6.0.201608300412
2016-11-11 03:16:03,528 - org.eclipse.jdt.core - 3.12.1.v_OTDT_r251_201609131451
2016-11-11 03:16:03,530 - org.eclipse.wst.jsdt.core - 2.0.0.v201608251059
2016-11-11 03:16:03,531 - org.eclipse.wst.jsdt.nashorn.extension - 1.0.0.v201605131737
2016-11-11 03:16:03,531 - org.eclipse.wst.jsdt.manipulation - 1.0.601.v201602241911
2016-11-11 03:16:03,531 - org.eclipse.wst.jsdt.ui - 2.0.0.v201608301904
2016-11-11 03:16:03,531 - org.eclipse.wst.jsdt.support.firefox - 1.0.501.v201602241911
2016-11-11 03:16:03,531 - org.eclipse.wst.jsdt.support.ie - 1.0.601.v201602241911
2016-11-11 03:16:03,531 - org.eclipse.wst.jsdt.doc - 1.4.101.v201507140011
2016-11-11 03:16:03,531 - org.eclipse.wst.jsdt.debug.core - 3.1.300.v201607272142
2016-11-11 03:16:03,532 - org.eclipse.wst.jsdt.debug.transport - 1.0.300.v201502261613
2016-11-11 03:16:03,532 - org.eclipse.wst.jsdt.debug.crossfire - 1.0.500.v201505071819
2016-11-11 03:16:03,532 - org.eclipse.wst.jsdt.debug.rhino - 1.0.500.v201605251607
2016-11-11 03:16:03,532 - org.eclipse.wst.jsdt.debug.rhino.debugger - 1.0.600.v201604292217
2016-11-11 03:16:03,532 - org.eclipse.wst.jsdt.debug.ui - 1.0.600.v201605311817
2016-11-11 03:16:03,533 - org.mozilla.javascript - 1.7.5.v201504281450
2016-11-11 03:16:03,536 - org.eclipse.jpt.jpadiagrameditor.ui - 1.2.200.v201604110621
2016-11-11 03:16:03,536 - org.eclipse.jpt.jpadiagrameditor.doc.user - 1.2.101.v201501141513
2016-11-11 03:16:03,537 - org.eclipse.jpt.jpadiagrameditor.branding - 1.2.101.v201501141513
2016-11-11 03:16:03,540 - org.eclipse.xtext.xbase.lib - 2.10.0.v201605250459
2016-11-11 03:16:03,547 - org.eclipse.datatools.common.doc.user - 1.7.0.20090521092446
2016-11-11 03:16:03,550 - org.eclipse.wst.jsdt.web.core - 1.0.801.v201602241914
2016-11-11 03:16:03,550 - org.eclipse.wst.jsdt.web.ui - 1.0.801.v201602241914
2016-11-11 03:16:03,550 - org.eclipse.wst.html.ui.infopop - 1.0.201.v201409111852
2016-11-11 03:16:03,550 - org.eclipse.wst.web.ui.infopop - 1.0.300.v200805140206
2016-11-11 03:16:03,550 - org.eclipse.wst.css.ui - 1.0.1001.v201608060346
2016-11-11 03:16:03,550 - org.eclipse.wst.html.ui - 1.0.1101.v201608060430
2016-11-11 03:16:03,550 - org.eclipse.wst.web.ui - 1.1.601.v201602221748
2016-11-11 03:16:03,553 - org.eclipse.rse - 3.5.0.201403100950
2016-11-11 03:16:03,555 - org.eclipse.rse.services.local - 2.2.1.201507180454
2016-11-11 03:16:03,555 - org.eclipse.rse.subsystems.files.local - 2.1.300.201403251512
2016-11-11 03:16:03,555 - org.eclipse.rse.subsystems.processes.local - 2.1.400.201403100950
2016-11-11 03:16:03,555 - org.eclipse.rse.subsystems.shells.local - 2.1.400.201403100950
2016-11-11 03:16:03,555 - org.eclipse.rse.connectorservice.local - 2.1.400.201403100950
2016-11-11 03:16:03,559 - org.eclipse.datatools.enablement.hsqldb - 1.1.0.201603142002
2016-11-11 03:16:03,559 - org.eclipse.datatools.enablement.hsqldb.dbdefinition - 1.1.0.201603142002
2016-11-11 03:16:03,559 - org.eclipse.datatools.enablement.hsqldb.ui - 1.1.0.201603142002
2016-11-11 03:16:03,559 - org.eclipse.datatools.enablement.finfo - 1.6.0.201603142002
2016-11-11 03:16:03,561 - org.eclipse.datatools.sqltools.doc.user - 1.7.0.20090521092446
2016-11-11 03:16:03,561 - org.eclipse.datatools.sqltools.doc.user.contexts - 1.7.0.20090521092446
2016-11-11 03:16:03,563 - org.eclipse.team.svn.m2e.sources - 4.0.0.I20160226-1700
2016-11-11 03:16:03,565 - org.eclipse.tcf.te - 1.4.0.201507071012
2016-11-11 03:16:03,565 - org.eclipse.tcf.te.core - 1.4.0.201507071012
2016-11-11 03:16:03,565 - org.eclipse.tcf.te.core.cdt - 1.4.0.201510150858
2016-11-11 03:16:03,565 - org.eclipse.tcf.te.launch.core - 1.4.0.201507071012
2016-11-11 03:16:03,565 - org.eclipse.tcf.te.launch.ui - 1.4.0.201508071253
2016-11-11 03:16:03,565 - org.eclipse.tcf.te.runtime - 1.4.0.201512160834
2016-11-11 03:16:03,565 - org.eclipse.tcf.te.runtime.concurrent - 1.4.0.201507071012
2016-11-11 03:16:03,565 - org.eclipse.tcf.te.runtime.model - 1.4.0.201507071012
2016-11-11 03:16:03,565 - org.eclipse.tcf.te.runtime.persistence - 1.4.0.201507071012
2016-11-11 03:16:03,565 - org.eclipse.tcf.te.runtime.services - 1.4.0.201507071012
2016-11-11 03:16:03,566 - org.eclipse.tcf.te.runtime.statushandler - 1.4.0.201605171243
2016-11-11 03:16:03,566 - org.eclipse.tcf.te.runtime.stepper - 1.4.0.201507071012
2016-11-11 03:16:03,566 - org.eclipse.tcf.te.ui - 1.4.0.201605171243
2016-11-11 03:16:03,566 - org.eclipse.tcf.te.ui.controls - 1.4.0.201507071012
2016-11-11 03:16:03,566 - org.eclipse.tcf.te.ui.forms - 1.4.0.201507071012
2016-11-11 03:16:03,566 - org.eclipse.tcf.te.ui.notifications - 1.4.0.201506120800
2016-11-11 03:16:03,566 - org.eclipse.tcf.te.ui.swt - 1.4.0.201605171243
2016-11-11 03:16:03,566 - org.eclipse.tcf.te.ui.views - 1.4.0.201604281224
2016-11-11 03:16:03,568 - org.eclipse.photran.core.xlf - 9.0.0.201608270307
2016-11-11 03:16:03,568 - org.eclipse.photran.managedbuilder.xlf.ui - 9.0.0.201608270307
2016-11-11 03:16:03,569 - org.eclipse.m2e.wtp - 1.3.1.20160831-1005
2016-11-11 03:16:03,570 - org.eclipse.m2e.wtp.overlay - 1.3.1.20160831-1005
2016-11-11 03:16:03,570 - org.eclipse.m2e.wtp.overlay.ui - 1.3.1.20160831-1005
2016-11-11 03:16:03,572 - org.eclipse.jpt.common.utility - 2.4.0.v201603181811
2016-11-11 03:16:03,572 - org.eclipse.jpt.common.core - 1.5.0.v201603181811
2016-11-11 03:16:03,572 - org.eclipse.jpt.common.ui - 1.4.100.v201603180253
2016-11-11 03:16:03,572 - org.eclipse.jpt.common.branding - 1.4.0.v201309202144
2016-11-11 03:16:03,574 - org.eclipse.cvs - 1.4.300.v20160907-1200
2016-11-11 03:16:03,574 - org.eclipse.team.cvs.core - 3.4.0.v20160418-1534
2016-11-11 03:16:03,574 - org.eclipse.team.cvs.ssh2 - 3.3.0.v20160418-1534
2016-11-11 03:16:03,574 - org.eclipse.team.cvs.ui - 3.4.0.v20160518-1906
2016-11-11 03:16:03,577 - org.eclipse.persistence.moxy - 2.6.0.v20130815-a4708b6
2016-11-11 03:16:03,577 - org.eclipse.jpt.jaxb.eclipselink.core - 1.3.200.v201603180253
2016-11-11 03:16:03,577 - org.eclipse.jpt.jaxb.eclipselink.ui - 1.4.200.v201603180253
2016-11-11 03:16:03,577 - org.eclipse.jpt.jaxb.eclipselink.core.schemagen - 1.2.200.v201603180253
2016-11-11 03:16:03,578 - org.eclipse.jpt.jaxb.eclipselink.branding - 1.4.100.v201309202144
2016-11-11 03:16:03,582 - org.eclipse.team.svn.nl1 - 4.0.0.I20160226-1700
2016-11-11 03:16:03,582 - org.eclipse.team.svn.core.nl1 - 4.0.0.I20160226-1700
2016-11-11 03:16:03,583 - org.eclipse.team.svn.ui.nl1 - 4.0.0.I20160226-1700
2016-11-11 03:16:03,587 - org.eclipse.datatools.connectivity.apache.derby.dbdefinition - 1.1.0.201603142002
2016-11-11 03:16:03,587 - org.eclipse.datatools.connectivity.apache.derby.ui - 1.1.0.201603142002
2016-11-11 03:16:03,587 - org.eclipse.datatools.connectivity.apache.derby - 1.1.0.201603142002
2016-11-11 03:16:03,588 - org.eclipse.datatools.modelbase.derby - 1.1.0.201603142002
2016-11-11 03:16:03,588 - org.eclipse.datatools.sqltools.db.derby - 1.1.0.201603142002
2016-11-11 03:16:03,592 - org.eclipse.mylyn.github.core - 4.4.0.201606070830-r
2016-11-11 03:16:03,592 - org.eclipse.mylyn.github.ui - 4.4.0.201606070830-r
2016-11-11 03:16:03,592 - org.eclipse.egit.github.core - 4.4.0.201606070830-r
2016-11-11 03:16:03,592 - com.google.gson - 2.2.4.v201311231704
2016-11-11 03:16:03,592 - org.eclipse.mylyn.github.doc - 4.4.0.201606070830-r
2016-11-11 03:16:03,594 - org.eclipse.dltk.tcl.ui - 5.6.0.201608300412
2016-11-11 03:16:03,594 - org.eclipse.dltk.tcl.core - 5.6.0.201608300412
2016-11-11 03:16:03,594 - org.eclipse.dltk.tcl.debug - 5.6.0.201608300412
2016-11-11 03:16:03,594 - org.eclipse.dltk.tcl.debug.ui - 5.6.0.201608300412
2016-11-11 03:16:03,595 - org.eclipse.dltk.tcl.launching - 5.6.0.201608300412
2016-11-11 03:16:03,595 - org.eclipse.dltk.tcl.tclchecker - 5.6.0.201608300412
2016-11-11 03:16:03,595 - org.eclipse.dltk.tcl - 5.6.0.201608300412
2016-11-11 03:16:03,595 - org.eclipse.dltk.tcl.activestatedebugger - 5.6.0.201608300412
2016-11-11 03:16:03,595 - org.eclipse.dltk.tcl.testing - 5.6.0.201608300412
2016-11-11 03:16:03,595 - org.eclipse.dltk.tcl.testing.tcltest - 5.6.0.201608300412
2016-11-11 03:16:03,595 - org.eclipse.dltk.tcl.doc.user - 5.6.0.201608300412
2016-11-11 03:16:03,595 - org.eclipse.dltk.tcl.parser - 5.6.0.201608300412
2016-11-11 03:16:03,595 - org.eclipse.dltk.tcl.validators - 5.6.0.201608300412
2016-11-11 03:16:03,595 - org.eclipse.dltk.tcl.tcllib - 5.6.0.201608300412
2016-11-11 03:16:03,595 - org.eclipse.dltk.tcl.formatter - 5.6.0.201608300412
2016-11-11 03:16:03,597 - org.eclipse.sequoyah.vnc.vncviewer.vncviews - 2.1.0.N20120718-0509
2016-11-11 03:16:03,599 - org.eclipse.datatools.enablement.sybase.asa.models - 1.1.0.201603142002
2016-11-11 03:16:03,599 - org.eclipse.datatools.enablement.sybase.ase.models - 1.1.0.201603142002
2016-11-11 03:16:03,599 - org.eclipse.datatools.enablement.sybase.asa - 1.1.0.201603142002
2016-11-11 03:16:03,599 - org.eclipse.datatools.enablement.sybase.ase - 1.1.0.201603142002
2016-11-11 03:16:03,599 - org.eclipse.datatools.enablement.sybase.ase.dbdefinition - 1.1.0.201603142002
2016-11-11 03:16:03,599 - org.eclipse.datatools.enablement.sybase.asa.dbdefinition - 1.1.0.201603142002
2016-11-11 03:16:03,599 - org.eclipse.datatools.enablement.sybase.asa.ui - 1.1.0.201603142002
2016-11-11 03:16:03,599 - org.eclipse.datatools.enablement.sybase.ase.ui - 1.1.0.201603142002
2016-11-11 03:16:03,599 - org.eclipse.datatools.enablement.sybase - 1.1.0.201603142002
2016-11-11 03:16:03,599 - org.eclipse.datatools.enablement.sybase.models - 1.1.0.201603142002
2016-11-11 03:16:03,599 - org.eclipse.datatools.enablement.sybase.ui - 1.1.0.201603142002
2016-11-11 03:16:03,599 - org.eclipse.datatools.enablement.sybase.asa.schemaobjecteditor.examples - 2.6.0.200810071
2016-11-11 03:16:03,601 - org.jdom - 1.1.1.v201101151400
2016-11-11 03:16:03,601 - org.eclipse.jst.ws.cxf.consumption.core - 1.0.300.v201309232152
2016-11-11 03:16:03,601 - org.eclipse.jst.ws.cxf.consumption.ui - 1.0.300.v201309232152
2016-11-11 03:16:03,601 - org.eclipse.jst.ws.cxf.core - 1.1.200.v201404292022
2016-11-11 03:16:03,601 - org.eclipse.jst.ws.cxf.creation.core - 1.0.401.v201408111743
2016-11-11 03:16:03,601 - org.eclipse.jst.ws.cxf.creation.ui - 1.0.300.v201403242125
2016-11-11 03:16:03,601 - org.eclipse.jst.ws.cxf.ui - 1.0.300.v201309232152
2016-11-11 03:16:03,601 - javax.wsdl - 1.6.2.v201012040545
2016-11-11 03:16:03,601 - javax.jws - 2.0.0.v201005080400
2016-11-11 03:16:03,601 - javax.xml.stream - 1.0.1.v201004272200
2016-11-11 03:16:03,601 - javax.xml.ws - 2.1.0.v200902101523
2016-11-11 03:16:03,603 - org.eclipse.datatools.sqltools.common.ui - 1.1.0.201603142002
2016-11-11 03:16:03,603 - org.eclipse.datatools.sqltools.debugger.core - 1.1.0.201603142002
2016-11-11 03:16:03,603 - org.eclipse.datatools.sqltools.editor.core - 1.1.0.201603142002
2016-11-11 03:16:03,603 - org.eclipse.datatools.sqltools.plan - 1.1.0.201603142002
2016-11-11 03:16:03,603 - org.eclipse.datatools.sqltools.routineeditor - 1.1.0.201603142002
2016-11-11 03:16:03,603 - org.eclipse.datatools.sqltools.sql - 1.1.0.201603142002
2016-11-11 03:16:03,603 - org.eclipse.datatools.sqltools.sqleditor - 1.1.0.201603142002
2016-11-11 03:16:03,604 - org.eclipse.datatools.sqltools.sqlscrapbook - 1.1.0.201603142002
2016-11-11 03:16:03,604 - org.eclipse.datatools.help - 1.6.0.201603142002
2016-11-11 03:16:03,604 - org.eclipse.datatools.sqltools.db.generic - 1.1.0.201603142002
2016-11-11 03:16:03,604 - org.eclipse.datatools.sqltools.debugger.core.ui - 1.1.0.201603142002
2016-11-11 03:16:03,604 - org.eclipse.datatools.sqltools.editor.core.ui - 1.1.0.201603142002
2016-11-11 03:16:03,604 - org.eclipse.datatools.sqltools.result.ui - 1.2.0.201603142002
2016-11-11 03:16:03,604 - org.eclipse.datatools.sqltools.routineeditor.ui - 1.1.0.201603142002
2016-11-11 03:16:03,604 - org.eclipse.datatools.sqltools.sql.ui - 1.1.0.201603142002
2016-11-11 03:16:03,606 - org.objectweb.asm - 5.0.1.v201404251740
2016-11-11 03:16:03,606 - org.eclipse.andmore - 0.5.0.201605181018
2016-11-11 03:16:03,606 - org.eclipse.andmore.base - 0.5.0.201605181018
2016-11-11 03:16:03,606 - org.eclipse.andmore.ddms - 0.5.0.201605181018
2016-11-11 03:16:03,606 - org.eclipse.andmore.overlay - 0.5.0.201605181018
2016-11-11 03:16:03,610 - org.apache.commons.codec - 1.6.0.v201305230611
2016-11-11 03:16:03,611 - org.apache.commons.compress - 1.6.0.v201310281400
2016-11-11 03:16:03,612 - org.apache.httpcomponents.httpclient - 4.3.6.v201511171540
2016-11-11 03:16:03,612 - org.apache.httpcomponents.httpcore - 4.3.3.v201411290715
2016-11-11 03:16:03,614 - org.eclipse.datatools.modelbase.dbdefinition - 1.1.0.201603142002
2016-11-11 03:16:03,614 - org.eclipse.datatools.modelbase.sql.edit - 1.1.0.201603142002
2016-11-11 03:16:03,614 - org.eclipse.datatools.modelbase.sql.query - 1.2.0.201603142002
2016-11-11 03:16:03,614 - org.eclipse.datatools.modelbase.sql.query.edit - 1.1.0.201603142002
2016-11-11 03:16:03,614 - org.eclipse.datatools.modelbase.sql.xml.query - 1.1.0.201603142002
2016-11-11 03:16:03,614 - org.eclipse.datatools.modelbase.sql - 1.1.0.201603142002
2016-11-11 03:16:03,616 - org.eclipse.cdt.managedbuilder.llvm.ui - 1.1.7.201609121658
2016-11-11 03:16:03,618 - org.eclipse.datatools.doc.isv - 1.13.0.201603142002
2016-11-11 03:16:03,618 - org.eclipse.datatools.sdk - 1.8.0.201603142002
2016-11-11 03:16:03,618 - org.eclipse.datatools.connectivity.ui.templates - 1.1.0.201603142002
2016-11-11 03:16:03,621 - org.eclipse.wst.xsl.core - 1.1.301.v201405151730
2016-11-11 03:16:03,621 - org.eclipse.wst.xsl.debug.ui - 1.0.302.v201304240928
2016-11-11 03:16:03,621 - org.eclipse.wst.xsl.launching - 1.1.0.v201304240928
2016-11-11 03:16:03,621 - org.eclipse.wst.xsl.xalan - 1.0.100.v201208081544
2016-11-11 03:16:03,621 - org.eclipse.wst.xsl.ui - 1.1.301.v201304222136
2016-11-11 03:16:03,621 - org.eclipse.wst.xml.xpath.ui - 1.1.102.v201509231858
2016-11-11 03:16:03,622 - org.apache.xalan - 2.7.1.v201005080400
2016-11-11 03:16:03,624 - org.apache.commons.logging - 1.1.1.v201101211721
2016-11-11 03:16:03,624 - org.eclipse.wst.xsl.doc - 1.0.100.v201309251559
2016-11-11 03:16:03,624 - org.eclipse.wst.xml.xpath.core - 1.3.1.v201509231858
2016-11-11 03:16:03,625 - org.apache.xml.serializer - 2.7.1.v201005080400
2016-11-11 03:16:03,625 - org.apache.bcel - 5.2.0.v201005080400
2016-11-11 03:16:03,625 - java_cup.runtime - 0.10.0.v201005080400
2016-11-11 03:16:03,625 - org.eclipse.wst.xsl.saxon - 1.0.200.v201103081755
2016-11-11 03:16:03,625 - org.eclipse.wst.xsl - 1.2.0.v201309251559
2016-11-11 03:16:03,626 - org.eclipse.wst.xsl.jaxp.debug - 1.0.300.v201304102131
2016-11-11 03:16:03,626 - org.eclipse.wst.xsl.jaxp.debug.ui - 1.0.200.v201103081755
2016-11-11 03:16:03,626 - org.eclipse.wst.xsl.jaxp.launching - 1.0.300.v201304102131
2016-11-11 03:16:03,628 - org.apache.log4j - 1.2.15.v201012070815
2016-11-11 03:16:03,628 - org.eclipse.wst.xsl.exslt.core - 1.0.0.v201005240422
2016-11-11 03:16:03,628 - org.eclipse.wst.xsl.exslt.ui - 1.0.0.v201006012004
2016-11-11 03:16:03,631 - org.eclipse.rse.services.ssh - 3.2.100.201403281521
2016-11-11 03:16:03,631 - org.eclipse.rse.connectorservice.ssh - 2.1.300.201505220524
2016-11-11 03:16:03,631 - org.eclipse.rse.subsystems.files.ssh - 2.1.300.201403100950
2016-11-11 03:16:03,631 - org.eclipse.rse.subsystems.shells.ssh - 2.1.400.201403100950
2016-11-11 03:16:03,633 - org.eclipse.mat.chart - 1.6.0.201605311117
2016-11-11 03:16:03,633 - org.eclipse.mat.chart.ui - 1.6.0.201605311117
2016-11-11 03:16:03,635 - org.eclipse.jst.ws - 1.0.750.v201503231435
2016-11-11 03:16:03,635 - org.eclipse.jst.j2ee.ui - 1.1.900.v201602161345
2016-11-11 03:16:03,635 - org.eclipse.jst.ws.axis.creation.ui - 1.0.850.v201505131719
2016-11-11 03:16:03,635 - org.eclipse.jst.ws.axis.consumption.ui - 1.0.800.v201505131719
2016-11-11 03:16:03,635 - org.eclipse.jst.j2ee.jca.ui - 1.1.500.v201304231803
2016-11-11 03:16:03,635 - org.eclipse.jst.j2ee.navigator.ui - 1.1.600.v201302011850
2016-11-11 03:16:03,635 - org.eclipse.jst.j2ee.webservice.ui - 1.1.500.v201302011850
2016-11-11 03:16:03,635 - org.eclipse.jst.ws.axis.consumption.core - 1.0.550.v201505131719
2016-11-11 03:16:03,635 - org.eclipse.jst.servlet.ui - 1.1.900.v201605251556
2016-11-11 03:16:03,635 - org.eclipse.jst.ws.ui - 1.0.500.v201505131719
2016-11-11 03:16:03,635 - org.eclipse.jst.ws.uddiregistry - 1.0.600.v201505131719
2016-11-11 03:16:03,635 - org.eclipse.jst.ws.creation.ui - 1.0.900.v201503111711
2016-11-11 03:16:03,635 - org.eclipse.jst.ws.consumption.ui - 1.1.800.v201504152025
2016-11-11 03:16:03,635 - org.eclipse.jst.ws.consumption - 1.0.900.v201605241434
2016-11-11 03:16:03,635 - org.eclipse.jst.j2ee.infopop - 1.0.300.v201309091923
2016-11-11 03:16:03,635 - org.eclipse.jst.jsp.ui.infopop - 1.0.200.v201309112106
2016-11-11 03:16:03,635 - org.eclipse.jst.servlet.ui.infopop - 1.0.500.v201105121947
2016-11-11 03:16:03,635 - org.eclipse.jst.ws.axis.infopop - 1.0.400.v201309242123
2016-11-11 03:16:03,635 - org.eclipse.jst.ws.consumption.infopop - 1.0.400.v201309242123
2016-11-11 03:16:03,635 - org.eclipse.jst.ws.infopop - 1.0.400.v201309242123
2016-11-11 03:16:03,636 - org.eclipse.jst.ws.creation.ejb.ui - 1.0.250.v201309242123
2016-11-11 03:16:03,636 - org.eclipse.jst.ejb.ui - 1.1.900.v201402130359
2016-11-11 03:16:03,636 - org.eclipse.jst.j2ee.ejb.annotations.ui - 1.1.200.v201004261420
2016-11-11 03:16:03,636 - org.eclipse.jst.j2ee.ejb.annotation.model - 1.1.300.v201004110730
2016-11-11 03:16:03,636 - org.eclipse.jst.j2ee.ejb.annotations.emitter - 1.1.200.v201004110730
2016-11-11 03:16:03,636 - org.eclipse.jst.j2ee.ejb.annotations.xdoclet - 1.2.200.v201103302126
2016-11-11 03:16:03,636 - org.eclipse.jst.j2ee.xdoclet.runtime - 1.1.300.v201004280609
2016-11-11 03:16:03,636 - org.eclipse.jst.jee.ui - 1.0.701.v201408251535
2016-11-11 03:16:03,636 - org.eclipse.jst.ejb.ui.infopop - 1.0.300.v201002231012
2016-11-11 03:16:03,636 - org.eclipse.jst.ws.jaxrs.core - 1.0.600.v201505131719
2016-11-11 03:16:03,636 - org.eclipse.jst.ws.jaxrs.ui - 1.0.700.v201505131719
2016-11-11 03:16:03,638 - org.apache.xerces - 2.9.0.v201101211617
2016-11-11 03:16:03,639 - org.apache.xml.resolver - 1.2.0.v201005080400
2016-11-11 03:16:03,639 - org.apache.xml.serializer - 2.7.1.v201005080400
2016-11-11 03:16:03,639 - org.eclipse.datatools.enablement.oda.ws - 1.3.0.201603142002
2016-11-11 03:16:03,639 - org.eclipse.datatools.enablement.oda.xml - 1.3.0.201603142002
2016-11-11 03:16:03,640 - javax.xml - 1.3.4.v201005080400
2016-11-11 03:16:03,640 - javax.wsdl - 1.6.2.v201012040545
2016-11-11 03:16:03,640 - org.eclipse.datatools.connectivity.oda.flatfile - 3.2.0.201603142002
2016-11-11 03:16:03,645 - org.eclipse.jst.ws.axis2.core - 1.0.300.v201309242118
2016-11-11 03:16:03,645 - org.eclipse.jst.ws.axis2.ui - 1.0.400.v201309242118
2016-11-11 03:16:03,645 - org.eclipse.jst.ws.axis2.consumption.core - 1.0.200.v201309242118
2016-11-11 03:16:03,645 - org.eclipse.jst.ws.axis2.consumption.ui - 1.0.200.v201309242118
2016-11-11 03:16:03,645 - org.eclipse.jst.ws.axis2.creation.core - 1.0.200.v201309242118
2016-11-11 03:16:03,645 - org.eclipse.jst.ws.axis2.creation.ui - 1.0.200.v201309242118
2016-11-11 03:16:03,645 - org.eclipse.jst.ws.axis2.ui.doc.user - 1.0.200.v201309242118
2016-11-11 03:16:03,649 - org.eclipse.dltk.core.index.lucene - 5.6.0.201608300412
2016-11-11 03:16:03,650 - org.eclipse.dltk.core.index - 5.6.0.201608300412
2016-11-11 03:16:03,656 - org.eclipse.sequoyah.vnc.protocol - 2.1.0.N20120718-0509
2016-11-11 03:16:03,666 - org.eclipse.persistence.antlr - 3.2.0.v201302191141
2016-11-11 03:16:03,668 - org.eclipse.persistence.asm - 5.0.1.v201405080102
2016-11-11 03:16:03,671 - org.eclipse.persistence.core - 2.6.0.v20140809-296a69f
2016-11-11 03:16:03,679 - org.eclipse.persistence.jpa - 2.6.0.v20140809-296a69f
2016-11-11 03:16:03,679 - org.eclipse.jpt.jpa.eclipselink.core - 2.4.100.v201603180253
2016-11-11 03:16:03,679 - org.eclipse.jpt.jpa.eclipselink.ui - 2.4.100.v201603180253
2016-11-11 03:16:03,680 - org.eclipse.jpt.jpa.eclipselink.core.ddlgen - 2.2.200.v201603180253
2016-11-11 03:16:03,680 - org.eclipse.jpt.jpa.eclipselink.branding - 3.4.0.v201309202144
2016-11-11 03:16:03,684 - org.eclipse.datatools.enablement.ingres - 1.1.0.201603142002
2016-11-11 03:16:03,684 - org.eclipse.datatools.enablement.ingres.dbdefinition - 1.1.0.201603142002
2016-11-11 03:16:03,684 - org.eclipse.datatools.enablement.ingres.ui - 1.1.0.201603142002
2016-11-11 03:16:03,684 - org.eclipse.datatools.enablement.finfo - 1.6.0.201603142002
2016-11-11 03:16:03,690 - org.eclipse.andmore.traceview - 0.5.0.201605181018
2016-11-11 03:16:03,692 - org.eclipse.team.svn.resource.ignore.rules.jdt - 4.0.0.I20160226-1700
2016-11-11 03:16:03,696 - org.eclipse.datatools.doc.user - 1.7.0.20090521092446
2016-11-11 03:16:03,696 - org.eclipse.datatools.oda.cshelp - 1.2.0.201603142002
2016-11-11 03:16:03,696 - org.eclipse.datatools.help - 1.6.0.201603142002
2016-11-11 03:16:03,698 - org.eclipse.photran.core - 9.0.0.201608270307
2016-11-11 03:16:03,698 - org.eclipse.photran.managedbuilder.ui - 9.0.0.201608270307
2016-11-11 03:16:03,698 - org.eclipse.photran.cdtinterface - 9.0.0.201608270307
2016-11-11 03:16:03,698 - org.eclipse.photran.ui - 9.0.0.201608270307
2016-11-11 03:16:03,698 - org.eclipse.photran.managedbuilder.gnu.ui - 9.0.0.201608270307
2016-11-11 03:16:03,698 - org.eclipse.photran.core.vpg - 9.0.0.201608270307
2016-11-11 03:16:03,698 - org.eclipse.photran.cdtinterface.vpg - 9.0.0.201608270307
2016-11-11 03:16:03,698 - org.eclipse.photran.ui.vpg - 9.0.0.201608270307
2016-11-11 03:16:03,698 - org.eclipse.photran.core.vpg.preprocessor.c - 9.0.0.201608270307
2016-11-11 03:16:03,698 - org.eclipse.photran.ui.vpg.preprocessor.c - 9.0.0.201608270307
2016-11-11 03:16:03,698 - org.eclipse.photran.doc.user - 9.0.0.201608270307
2016-11-11 03:16:03,700 - org.eclipse.draw2d - 3.10.100.201606061308
2016-11-11 03:16:03,702 - org.eclipse.team.svn.m2e - 4.0.0.I20160226-1700
2016-11-11 03:16:03,705 - org.eclipse.cdt.core.parser.upc - 5.1.0.201609121658
2016-11-11 03:16:03,708 - org.eclipse.cdt.errorparsers.xlc - 5.0.100.201609121658
2016-11-11 03:16:03,709 - org.eclipse.cdt.managedbuilder.xlc.ui - 6.4.0.201609121658
2016-11-11 03:16:03,709 - org.eclipse.cdt.make.xlc.core - 5.2.100.201609121658
2016-11-11 03:16:03,709 - org.eclipse.cdt.managedbuilder.xlc.core - 5.0.1.201609121658
2016-11-11 03:16:03,709 - org.eclipse.cdt.core.lrparser.xlc - 5.1.0.201609121658
2016-11-11 03:16:03,709 - org.eclipse.cdt.managedbuilder.xlupc.ui - 1.1.0.201609121658
2016-11-11 03:16:03,711 - org.eclipse.mylyn.trac.core - 3.20.0.v20160425-1835
2016-11-11 03:16:03,711 - org.eclipse.mylyn.trac.ui - 3.20.0.v20160425-1835
2016-11-11 03:16:03,713 - org.eclipse.cdt.managedbuilder.bupc.ui - 1.0.3.201609121658
2016-11-11 03:16:03,715 - org.eclipse.photran.managedbuilder.intel.ui - 9.0.0.201608270307
2016-11-11 03:16:03,715 - org.eclipse.photran.core.intel - 9.0.0.201608270307
2016-11-11 03:16:03,722 - org.eclipse.mylyn.reviews.core - 2.11.0.v20160421-1821
2016-11-11 03:16:03,722 - org.eclipse.mylyn.reviews.edit - 2.11.0.v20160421-1821
2016-11-11 03:16:03,722 - org.eclipse.mylyn.reviews.ui - 2.11.0.v20160421-1821
2016-11-11 03:16:03,725 - org.eclipse.andmore.gldebugger - 0.5.0.201605181018
2016-11-11 03:16:03,730 - org.apache.commons.lang - 2.6.0.v201404270220
2016-11-11 03:16:03,730 - org.eclipse.xtext.ui - 2.10.0.v201605250459
2016-11-11 03:16:03,733 - org.eclipse.xtext.common.types.ui - 2.10.0.v201605250459
2016-11-11 03:16:03,733 - org.eclipse.xtext.common.types.shared - 2.10.0.v201605250459
2016-11-11 03:16:03,733 - org.eclipse.xtext.common.types.shared.jdt38 - 2.10.0.v201605250459
2016-11-11 03:16:03,734 - org.eclipse.xtext.ui.shared - 2.10.0.v201605250459
2016-11-11 03:16:03,734 - org.eclipse.xtext.ui.ecore - 2.10.0.v201605250459
2016-11-11 03:16:03,734 - org.eclipse.xtext.ui.codetemplates - 2.10.0.v201605250459
2016-11-11 03:16:03,734 - org.eclipse.xtext.ui.codetemplates.ui - 2.10.0.v201605250459
2016-11-11 03:16:03,734 - org.eclipse.xtext.common.types.edit - 2.10.0.v201605250459
2016-11-11 03:16:03,734 - org.eclipse.xtext.ide - 2.10.0.v201605250459
2016-11-11 03:16:03,741 - org.eclipse.epp.mpc.core - 1.5.2.v20161004-1655
2016-11-11 03:16:03,741 - org.eclipse.epp.mpc.ui - 1.5.2.v20161005-1414
2016-11-11 03:16:03,741 - org.eclipse.epp.mpc.help.ui - 1.5.2.v20161004-1655
2016-11-11 03:16:03,741 - org.apache.httpcomponents.httpclient - 4.3.6.v201511171540
2016-11-11 03:16:03,741 - org.apache.httpcomponents.httpcore - 4.3.3.v201411290715
2016-11-11 03:16:03,750 - org.eclipse.dltk.core - 5.6.0.201608300412
2016-11-11 03:16:03,750 - org.eclipse.dltk.ui - 5.6.0.201608300412
2016-11-11 03:16:03,750 - org.eclipse.dltk.debug - 5.6.0.201608300412
2016-11-11 03:16:03,750 - org.eclipse.dltk.debug.ui - 5.6.0.201608300412
2016-11-11 03:16:03,750 - org.eclipse.dltk.launching - 5.6.0.201608300412
2016-11-11 03:16:03,750 - org.eclipse.dltk.console - 5.6.0.201608300412
2016-11-11 03:16:03,750 - org.eclipse.dltk.console.ui - 5.6.0.201608300412
2016-11-11 03:16:03,750 - org.eclipse.dltk.validators.core - 5.6.0.201608300412
2016-11-11 03:16:03,750 - org.eclipse.dltk.validators.ui - 5.6.0.201608300412
2016-11-11 03:16:03,752 - org.eclipse.dltk - 5.6.0.201608300412
2016-11-11 03:16:03,752 - org.eclipse.dltk.testing - 5.6.0.201608300412
2016-11-11 03:16:03,752 - org.eclipse.dltk.validators.externalchecker - 5.6.0.201608300412
2016-11-11 03:16:03,752 - org.eclipse.dltk.formatter - 5.6.0.201608300412
2016-11-11 03:16:03,752 - org.eclipse.dltk.core.manipulation - 5.6.0.201608300412
2016-11-11 03:16:03,752 - org.eclipse.dltk.logconsole - 5.6.0.201608300412
2016-11-11 03:16:03,753 - org.eclipse.dltk.logconsole.ui - 5.6.0.201608300412
2016-11-11 03:16:03,753 - org.eclipse.dltk.annotations - 5.6.0.201608300412
2016-11-11 03:16:03,761 - org.eclipse.dstore.core - 3.4.0.201501311530
2016-11-11 03:16:03,761 - org.eclipse.dstore.extra - 2.1.400.201403100950
2016-11-11 03:16:03,761 - org.eclipse.rse.connectorservice.dstore - 3.1.301.201403100950
2016-11-11 03:16:03,761 - org.eclipse.rse.services.dstore - 3.3.0.201406041609
2016-11-11 03:16:03,761 - org.eclipse.rse.subsystems.files.dstore - 2.1.300.201403100950
2016-11-11 03:16:03,761 - org.eclipse.rse.subsystems.processes.dstore - 2.1.400.201403100950
2016-11-11 03:16:03,761 - org.eclipse.rse.subsystems.shells.dstore - 2.1.400.201403100950
2016-11-11 03:16:03,761 - org.eclipse.rse.dstore.security - 3.0.400.201403100950
2016-11-11 03:16:03,768 - org.eclipse.cdt.gdb - 7.0.0.201609121658
2016-11-11 03:16:03,768 - org.eclipse.cdt.gdb.ui - 7.0.0.201609121658
2016-11-11 03:16:03,773 - org.eclipse.dltk.mylyn - 5.6.0.201608300412
2016-11-11 03:16:03,778 - org.eclipse.pde - 3.12.1.v20160907-1200
2016-11-11 03:16:03,778 - org.eclipse.pde.build - 3.9.200.v20160204-0642
2016-11-11 03:16:03,778 - org.eclipse.pde.core - 3.11.0.v20160510-1223
2016-11-11 03:16:03,778 - org.eclipse.pde.junit.runtime - 3.5.0.v20151013-0625
2016-11-11 03:16:03,778 - org.eclipse.pde.runtime - 3.5.0.v20160418-1724
2016-11-11 03:16:03,778 - org.eclipse.pde.ui - 3.9.1.v20160813-1107
2016-11-11 03:16:03,778 - org.eclipse.pde.doc.user - 3.12.1.v20160825-1158
2016-11-11 03:16:03,779 - org.eclipse.pde.ui.templates - 3.6.0.v20160424-1948
2016-11-11 03:16:03,779 - org.eclipse.ui.views.log - 1.2.1.v20160829-0826
2016-11-11 03:16:03,779 - org.objectweb.asm - 5.0.1.v201404251740
2016-11-11 03:16:03,780 - org.objectweb.asm.tree - 5.0.1.v201404251740
2016-11-11 03:16:03,780 - org.eclipse.pde.api.tools - 1.1.1.v20160811-0626
2016-11-11 03:16:03,781 - org.eclipse.pde.api.tools.annotations - 1.0.100.v20160418-1724
2016-11-11 03:16:03,781 - org.eclipse.pde.api.tools.ui - 1.1.0.v20160519-0701
2016-11-11 03:16:03,781 - org.eclipse.pde.ds.core - 1.1.0.v20151201-1325
2016-11-11 03:16:03,781 - org.eclipse.pde.ds.ui - 1.1.0.v20160518-1843
2016-11-11 03:16:03,781 - org.eclipse.pde.launching - 3.6.400.v20160121-1248
2016-11-11 03:16:03,781 - org.eclipse.pde.ua.core - 1.0.500.v20160204-0642
2016-11-11 03:16:03,781 - org.eclipse.pde.ua.ui - 1.1.0.v20160518-1843
2016-11-11 03:16:03,781 - org.eclipse.ui.trace - 1.0.400.v20160509-1055
2016-11-11 03:16:03,781 - org.eclipse.pde.ds.annotations - 1.0.0.v20160525-1437
2016-11-11 03:16:03,802 - net.sourceforge.lpg.lpgjavaruntime - 1.1.0.v201004271650
2016-11-11 03:16:03,803 - org.eclipse.datatools.sqltools.parsers.sql.lexer - 1.1.0.201603142002
2016-11-11 03:16:03,803 - org.eclipse.datatools.sqltools.parsers.sql.query - 1.3.0.201603142002
2016-11-11 03:16:03,803 - org.eclipse.datatools.sqltools.parsers.sql.xml.query - 1.1.0.201603142002
2016-11-11 03:16:03,803 - org.eclipse.datatools.sqltools.parsers.sql - 1.1.0.201603142002
2016-11-11 03:16:03,806 - org.eclipse.m2e.wtp.jaxrs - 1.3.1.20160831-1005
2016-11-11 03:16:03,812 - org.eclipse.datatools.sqltools.sql - 1.1.0.201603142002
2016-11-11 03:16:03,812 - org.eclipse.datatools.sqltools.common.ui - 1.1.0.201603142002
2016-11-11 03:16:03,812 - org.eclipse.datatools.sqltools.plan - 1.1.0.201603142002
2016-11-11 03:16:03,812 - org.eclipse.datatools.sqltools.editor.core - 1.1.0.201603142002
2016-11-11 03:16:03,812 - org.eclipse.datatools.sqltools.sqleditor - 1.1.0.201603142002
2016-11-11 03:16:03,812 - org.eclipse.datatools.sqltools.ddlgen.ui - 1.1.0.201603142002
2016-11-11 03:16:03,812 - org.eclipse.datatools.connectivity.db.generic - 1.1.0.201603142002
2016-11-11 03:16:03,812 - org.eclipse.datatools.sqltools.editor.core.ui - 1.1.0.201603142002
2016-11-11 03:16:03,812 - org.eclipse.datatools.sqltools.sql.ui - 1.1.0.201603142002
2016-11-11 03:16:03,819 - org.eclipse.andmore.android.common - 0.5.0.201605181018
2016-11-11 03:16:03,819 - org.eclipse.andmore.android.codeutils - 0.5.0.201605181018
2016-11-11 03:16:03,819 - org.eclipse.andmore.android.translation - 0.5.0.201605181018
2016-11-11 03:16:03,820 - org.eclipse.andmore.android.codesnippets - 0.5.0.201605181018
2016-11-11 03:16:03,822 - org.eclipse.andmore.android.db.core - 0.5.0.201605181018
2016-11-11 03:16:03,822 - org.eclipse.andmore.android.logger - 0.5.0.201605181018
2016-11-11 03:16:03,822 - org.eclipse.andmore.android - 0.5.0.201605181018
2016-11-11 03:16:03,822 - org.eclipse.andmore.android.emulator - 0.5.0.201605181018
2016-11-11 03:16:03,822 - org.eclipse.andmore.android.launch - 0.5.0.201605181018
2016-11-11 03:16:03,822 - org.eclipse.andmore.android.packaging.ui - 0.5.0.201605181018
2016-11-11 03:16:03,822 - org.eclipse.andmore.android.handset - 0.5.0.201605181018
2016-11-11 03:16:03,822 - org.eclipse.andmore.android.remote - 0.5.0.201605181018
2016-11-11 03:16:03,822 - org.eclipse.andmore.android.linux.x86_64 - 0.5.0.201605181018
2016-11-11 03:16:03,822 - org.eclipse.andmore.android.mat - 0.5.0.201605181018
2016-11-11 03:16:03,830 - org.eclipse.andmore.android.devices.services - 0.5.0.201605181018
2016-11-11 03:16:03,830 - org.eclipse.andmore.android.db.devices - 0.5.0.201605181018
2016-11-11 03:16:03,830 - org.eclipse.andmore.android.installer - 0.5.0.201605181018
2016-11-11 03:16:03,830 - org.eclipse.andmore.android.logger.collector - 0.5.0.201605181018
2016-11-11 03:16:03,838 - org.apache.commons.net - 3.2.0.v201305141515
2016-11-11 03:16:03,838 - org.eclipse.rse.services.files.ftp - 3.0.500.201403100950
2016-11-11 03:16:03,838 - org.eclipse.rse.subsystems.files.ftp - 2.2.100.201601281414
2016-11-11 03:16:03,843 - org.eclipse.rse.useractions - 1.1.500.201403100950
2016-11-11 03:16:03,847 - org.eclipse.tm.terminal.control - 4.1.0.201512010231
2016-11-11 03:16:03,856 - org.eclipse.ldt.remote.core - 1.1.0.201608302152
2016-11-11 03:16:03,856 - org.eclipse.ldt.remote.debug.core - 1.1.0.201608302152
2016-11-11 03:16:03,856 - org.eclipse.ldt.remote.debug.ui - 1.1.0.201608302152
2016-11-11 03:16:03,856 - org.eclipse.ldt.remote.ui - 1.1.0.201608302152
2016-11-11 03:16:03,859 - org.eclipse.sequoyah.vnc.vncviewer - 2.1.0.N20120718-0509
2016-11-11 03:16:03,863 - org.eclipse.team.svn.nl1.sources - 4.0.0.I20160226-1700
2016-11-11 03:16:03,871 - org.eclipse.objectteams.runtime - 2.5.0.201606070956
2016-11-11 03:16:03,871 - org.eclipse.objectteams.otre - 2.5.0.201606070956
2016-11-11 03:16:03,871 - org.apache.bcel - 5.2.0.v201005080400
2016-11-11 03:16:03,872 - org.eclipse.objectteams.otredyn - 1.2.0.201606070956
2016-11-11 03:16:03,872 - org.objectweb.asm - 5.0.1.v201404251740
2016-11-11 03:16:03,872 - org.objectweb.asm.tree - 5.0.1.v201404251740
2016-11-11 03:16:03,873 - org.objectweb.asm.commons - 5.0.1.v201404251740
2016-11-11 03:16:03,873 - org.eclipse.objectteams.otequinox - 2.5.1.201609131451
2016-11-11 03:16:03,873 - org.eclipse.objectteams.otequinox.branding - 2.5.0.201606070956
2016-11-11 03:16:03,873 - org.eclipse.objectteams.eclipse.monitor - 2.5.0.201606070956
2016-11-11 03:16:03,877 - org.eclipse.tcf.te.tcf.core - 1.4.0.201605100929
2016-11-11 03:16:03,877 - org.eclipse.tcf.te.tcf.core.model - 1.4.0.201507071012
2016-11-11 03:16:03,877 - org.eclipse.tcf.te.tcf.core.scripting - 1.4.0.201507071012
2016-11-11 03:16:03,877 - org.eclipse.tcf.te.tcf.filesystem.core - 1.4.0.201604200759
2016-11-11 03:16:03,877 - org.eclipse.tcf.te.tcf.filesystem.ui - 1.4.0.201606031115
2016-11-11 03:16:03,877 - org.eclipse.tcf.te.tcf.locator - 1.4.0.201602041600
2016-11-11 03:16:03,877 - org.eclipse.tcf.te.tcf.log.core - 1.4.0.201507071012
2016-11-11 03:16:03,877 - org.eclipse.tcf.te.tcf.processes.core - 1.4.0.201604250750
2016-11-11 03:16:03,877 - org.eclipse.tcf.te.tcf.processes.ui - 1.4.0.201605181957
2016-11-11 03:16:03,877 - org.eclipse.tcf.te.tcf.services.contexts - 1.4.0.201507071012
2016-11-11 03:16:03,877 - org.eclipse.tcf.te.tcf.terminals.core - 1.4.0.201507071012
2016-11-11 03:16:03,877 - org.eclipse.tcf.te.tcf.terminals.ui - 1.4.0.201507071012
2016-11-11 03:16:03,877 - org.eclipse.tcf.te.tcf.ui - 1.4.0.201606031115
2016-11-11 03:16:03,877 - org.eclipse.tcf.te.tcf.ui.console - 1.4.0.201507071012
2016-11-11 03:16:03,878 - org.eclipse.tcf.te.tcf.ui.views - 1.4.0.201507071012
2016-11-11 03:16:03,881 - org.sonatype.m2e.mavenarchiver - 0.17.2.201606141937-signed-20160830073346
2016-11-11 03:16:03,883 - org.eclipse.dltk.ruby.ui - 5.6.0.201608300412
2016-11-11 03:16:03,883 - org.eclipse.dltk.ruby.core - 5.6.0.201608300412
2016-11-11 03:16:03,884 - org.eclipse.dltk.ruby.debug.ui - 5.6.0.201608300412
2016-11-11 03:16:03,884 - org.eclipse.dltk.ruby.launching - 5.6.0.201608300412
2016-11-11 03:16:03,884 - org.eclipse.dltk.ruby.debug - 5.6.0.201608300412
2016-11-11 03:16:03,884 - org.eclipse.dltk.ruby.basicdebugger - 5.6.0.201608300412
2016-11-11 03:16:03,884 - org.eclipse.dltk.ruby.activestatedebugger - 5.6.0.201608300412
2016-11-11 03:16:03,884 - org.eclipse.dltk.ruby - 5.6.0.201608300412
2016-11-11 03:16:03,884 - org.eclipse.dltk.ruby.abstractdebugger - 5.6.0.201608300412
2016-11-11 03:16:03,884 - org.eclipse.dltk.ruby.fastdebugger - 5.6.0.201608300412
2016-11-11 03:16:03,884 - org.eclipse.dltk.ruby.formatter - 5.6.0.201608300412
2016-11-11 03:16:03,884 - org.eclipse.dltk.ruby.testing - 5.6.0.201608300412
2016-11-11 03:16:03,890 - org.eclipse.datatools.enablement.oracle.dbdefinition - 1.1.0.201603142002
2016-11-11 03:16:03,890 - org.eclipse.datatools.enablement.oracle - 1.1.0.201603142002
2016-11-11 03:16:03,890 - org.eclipse.datatools.enablement.oracle.ui - 1.1.0.201603142002
2016-11-11 03:16:03,890 - org.eclipse.datatools.enablement.finfo - 1.6.0.201603142002
2016-11-11 03:16:03,896 - org.eclipse.datatools.enablement.sap.maxdb.dbdefinition - 1.1.0.201603142002
2016-11-11 03:16:03,897 - org.eclipse.datatools.enablement.sap.maxdb - 1.1.0.201603142002
2016-11-11 03:16:03,897 - org.eclipse.datatools.enablement.sap.maxdb.ui - 1.1.0.201603142002
2016-11-11 03:16:03,897 - org.eclipse.datatools.enablement.finfo - 1.6.0.201603142002
2016-11-11 03:16:03,904 - java_cup.runtime - 0.10.0.v201005080400
2016-11-11 03:16:03,904 - org.apache.xerces - 2.9.0.v201101211617
2016-11-11 03:16:03,910 - org.eclipse.wst.xml.xpath2.processor - 2.1.101.v201409111854
2016-11-11 03:16:03,910 - org.eclipse.wst.xml.xpath2.wtptypes - 2.0.0.v201208081543
2016-11-11 03:16:03,914 - org.eclipse.wst.xml.xpath2 - 1.1.0.v201309251557
2016-11-11 03:16:03,914 - org.eclipse.wst.xml.xpath2.processor.doc.user - 2.0.0.v201209212251
2016-11-11 03:16:03,918 - javax.el - 2.2.0.v201303151357
2016-11-11 03:16:03,918 - javax.servlet - 3.1.0.v201410161800
2016-11-11 03:16:03,918 - javax.servlet.jsp - 2.2.0.v201112011158
2016-11-11 03:16:03,918 - com.sun.el - 2.2.0.v201303151357
2016-11-11 03:16:03,918 - org.apache.commons.logging - 1.1.1.v201101211721
2016-11-11 03:16:03,919 - org.apache.jasper.glassfish - 2.2.2.v201501141630
2016-11-11 03:16:03,921 - org.apache.lucene.analysis - 3.5.0.v20120725-1805
2016-11-11 03:16:03,921 - org.apache.lucene.core - 3.5.0.v20120725-1805
2016-11-11 03:16:03,921 - org.eclipse.equinox.http.jetty - 3.3.0.v20160324-1850
2016-11-11 03:16:03,921 - org.eclipse.equinox.http.registry - 1.1.400.v20150715-1528
2016-11-11 03:16:03,921 - org.eclipse.equinox.http.servlet - 1.3.1.v20160808-1329
2016-11-11 03:16:03,921 - org.eclipse.equinox.jsp.jasper - 1.0.500.v20150119-1358
2016-11-11 03:16:03,921 - org.eclipse.equinox.jsp.jasper.registry - 1.0.300.v20130327-1442
2016-11-11 03:16:03,921 - org.eclipse.help.base - 4.1.0.v20160907-1200
2016-11-11 03:16:03,921 - org.eclipse.help.ui - 4.0.200.v20160510-0758
2016-11-11 03:16:03,921 - org.eclipse.help.webapp - 3.8.0.v20160504-0839
2016-11-11 03:16:03,922 - org.eclipse.jetty.continuation - 9.3.9.v20160517
2016-11-11 03:16:03,922 - org.eclipse.jetty.http - 9.3.9.v20160517
2016-11-11 03:16:03,923 - org.eclipse.jetty.io - 9.3.9.v20160517
2016-11-11 03:16:03,924 - org.eclipse.jetty.security - 9.3.9.v20160517
2016-11-11 03:16:03,925 - org.eclipse.jetty.server - 9.3.9.v20160517
2016-11-11 03:16:03,926 - org.eclipse.jetty.servlet - 9.3.9.v20160517
2016-11-11 03:16:03,927 - org.eclipse.jetty.util - 9.3.9.v20160517
2016-11-11 03:16:03,927 - org.eclipse.core.net - 1.3.0.v20160418-1534
2016-11-11 03:16:03,927 - org.eclipse.equinox.security - 1.2.200.v20150715-1528
2016-11-11 03:16:03,930 - org.eclipse.mylyn.versions.core - 1.12.0.v20160421-1824
2016-11-11 03:16:03,930 - org.eclipse.mylyn.versions.ui - 1.12.0.v20160421-1824
2016-11-11 03:16:03,933 - org.eclipse.mylyn.bugzilla.core - 3.20.0.v20160425-1835
2016-11-11 03:16:03,933 - org.eclipse.mylyn.bugzilla.ui - 3.20.0.v20160425-1835
2016-11-11 03:16:03,934 - org.eclipse.m2e.logback.configuration - 1.7.0.20160603-1933
2016-11-11 03:16:03,935 - org.eclipse.m2e.logback.appender - 1.7.0.20160603-1933
2016-11-11 03:16:03,937 - org.eclipse.wst.dtd.ui - 1.0.801.v201308100602
2016-11-11 03:16:03,938 - org.eclipse.wst.dtd.ui.infopop - 1.0.400.v201309112106
2016-11-11 03:16:03,938 - org.eclipse.wst.sse.ui.infopop - 1.0.300.v201309112106
2016-11-11 03:16:03,938 - org.eclipse.wst.xml.ui.infopop - 1.0.400.v201309112106
2016-11-11 03:16:03,938 - org.eclipse.wst.sse.ui - 1.3.500.v201605120129
2016-11-11 03:16:03,938 - org.eclipse.wst.xml.ui - 1.1.700.v201604272318
2016-11-11 03:16:03,938 - org.eclipse.wst.xsd.ui - 1.2.600.v201511240159
2016-11-11 03:16:03,940 - org.eclipse.buildship.core - 1.0.18.v20160817-1550
2016-11-11 03:16:03,940 - org.eclipse.buildship.ui - 1.0.18.v20160817-1550
2016-11-11 03:16:03,940 - org.eclipse.buildship.branding - 1.0.18.v20160817-1550
2016-11-11 03:16:03,940 - org.eclipse.buildship.stsmigration - 1.0.18.v20160817-1550
2016-11-11 03:16:03,943 - org.eclipse.egit.core - 4.4.1.201607150455-r
2016-11-11 03:16:03,943 - org.eclipse.egit.ui - 4.4.1.201607150455-r
2016-11-11 03:16:03,943 - org.eclipse.egit - 4.4.1.201607150455-r
2016-11-11 03:16:03,943 - org.eclipse.egit.doc - 4.4.1.201607150455-r
2016-11-11 03:16:03,950 - org.eclipse.mylyn.tasks.core - 3.20.0.v20160608-1838
2016-11-11 03:16:03,950 - org.eclipse.mylyn.tasks.index.core - 3.20.0.v20160425-1835
2016-11-11 03:16:03,950 - org.eclipse.mylyn.tasks.index.ui - 3.20.0.v20160425-1835
2016-11-11 03:16:03,950 - org.eclipse.mylyn.tasks.search - 3.20.0.v20160425-1835
2016-11-11 03:16:03,950 - org.eclipse.mylyn.tasks.ui - 3.20.0.v20160608-1838
2016-11-11 03:16:03,957 - org.eclipse.aether.maven - 3.1.0.v20140706-2237
2016-11-11 03:16:03,960 - org.eclipse.mylyn.commons.identity.core - 1.12.0.v20160421-1819
2016-11-11 03:16:03,963 - org.eclipse.mylyn.tasks.bugs - 3.20.0.v20160425-1835
2016-11-11 03:16:03,963 - org.eclipse.mylyn.help.ui - 3.20.0.v20160425-1835
2016-11-11 03:16:03,965 - org.eclipse.oomph.p2 - 1.5.0.v20160707-0243
2016-11-11 03:16:03,965 - org.eclipse.oomph.p2.core - 1.5.0.v20160908-1742
2016-11-11 03:16:03,965 - org.eclipse.oomph.p2.edit - 1.5.0.v20160707-0243
2016-11-11 03:16:03,965 - org.eclipse.oomph.p2.ui - 1.5.0.v20160908-1742
2016-11-11 03:16:03,965 - org.eclipse.oomph.p2.doc - 1.5.0.v20160707-0243
2016-11-11 03:16:03,973 - org.eclipse.mylyn.commons.core - 3.20.0.v20160421-1819
2016-11-11 03:16:03,973 - org.eclipse.mylyn.commons.screenshots - 3.20.0.v20160421-1819
2016-11-11 03:16:03,973 - org.eclipse.mylyn.commons.ui - 3.20.0.v20160421-1819
2016-11-11 03:16:03,973 - org.eclipse.mylyn.commons.workbench - 3.20.0.v20160421-1819
2016-11-11 03:16:03,977 - org.eclipse.mylyn.bugzilla.ide - 3.20.0.v20160421-1902
2016-11-11 03:16:03,977 - org.eclipse.mylyn.ide.ui - 3.20.0.v20160421-1902
2016-11-11 03:16:03,980 - org.eclipse.mylyn.commons.notifications.core - 1.12.0.v20160421-1819
2016-11-11 03:16:03,980 - org.eclipse.mylyn.commons.notifications.feed - 1.12.0.v20160421-1819
2016-11-11 03:16:03,980 - org.eclipse.mylyn.commons.notifications.ui - 1.12.0.v20160421-1819
2016-11-11 03:16:03,995 - org.eclipse.m2e.archetype.common - 1.7.0.20160603-1931
2016-11-11 03:16:03,999 - org.eclipse.m2e.maven.indexer - 1.7.0.20160603-1931
2016-11-11 03:16:03,999 - org.eclipse.m2e.model.edit - 1.7.0.20160603-1933
2016-11-11 03:16:03,999 - org.eclipse.m2e.core - 1.7.0.20160603-1933
2016-11-11 03:16:03,999 - org.eclipse.m2e.launching - 1.7.0.20160603-1933
2016-11-11 03:16:03,999 - org.eclipse.m2e.workspace.cli - 0.3.1
2016-11-11 03:16:03,999 - org.eclipse.m2e.jdt - 1.7.0.20160603-1933
2016-11-11 03:16:03,999 - org.eclipse.m2e.editor - 1.7.0.20160603-1933
2016-11-11 03:16:03,999 - org.eclipse.m2e.editor.xml - 1.7.0.20160603-1933
2016-11-11 03:16:04,041 - org.eclipse.m2e.maven.runtime - 1.7.0.20160603-1931
2016-11-11 03:16:04,043 - org.eclipse.m2e.maven.runtime.slf4j.simple - 1.7.0.20160603-1931
2016-11-11 03:16:04,043 - org.eclipse.m2e.refactoring - 1.7.0.20160603-1933
2016-11-11 03:16:04,044 - org.eclipse.m2e.lifecyclemapping.defaults - 1.7.0.20160603-1933
2016-11-11 03:16:04,044 - org.eclipse.m2e.discovery - 1.7.0.20160603-1933
2016-11-11 03:16:04,044 - org.eclipse.m2e.core.ui - 1.7.0.20160603-1933
2016-11-11 03:16:04,044 - org.eclipse.m2e.scm - 1.7.0.20160603-1933
2016-11-11 03:16:04,044 - org.eclipse.m2e.jdt.ui - 1.7.0.20160603-1933
2016-11-11 03:16:04,044 - org.eclipse.m2e.profiles.core - 1.7.0.20160603-1933
2016-11-11 03:16:04,044 - org.eclipse.m2e.profiles.ui - 1.7.0.20160603-1933
2016-11-11 03:16:04,044 - org.eclipse.m2e.importer - 1.7.0.20160603-1933
2016-11-11 03:16:04,052 - org.eclipse.help - 3.7.0.v20160602-1307
2016-11-11 03:16:04,052 - org.eclipse.ui - 3.108.0.v20160518-1929
2016-11-11 03:16:04,052 - org.eclipse.ui.workbench - 3.108.1.v20160819-2118
2016-11-11 03:16:04,052 - org.eclipse.update.configurator - 3.3.400.v20160506-0750
2016-11-11 03:16:04,052 - org.eclipse.rcp - 4.6.1.v20160907-1200
2016-11-11 03:16:04,059 - org.eclipse.recommenders.rcp - 2.4.3.v20160913-0645
2016-11-11 03:16:04,060 - org.eclipse.recommenders.apidocs - 2.4.3.v20160913-0645
2016-11-11 03:16:04,060 - org.eclipse.recommenders.apidocs.rcp - 2.4.3.v20160913-0645
2016-11-11 03:16:04,060 - org.eclipse.recommenders.calls - 2.4.3.v20160913-0645
2016-11-11 03:16:04,060 - org.eclipse.recommenders.calls.rcp - 2.4.3.v20160913-0645
2016-11-11 03:16:04,060 - org.eclipse.recommenders.chain.rcp - 2.4.3.v20160913-0645
2016-11-11 03:16:04,060 - org.eclipse.recommenders.completion.rcp - 2.4.3.v20160913-0645
2016-11-11 03:16:04,061 - org.eclipse.recommenders.constructors - 2.4.3.v20160913-0645
2016-11-11 03:16:04,061 - org.eclipse.recommenders.constructors.rcp - 2.4.3.v20160913-0645
2016-11-11 03:16:04,061 - org.eclipse.recommenders.coordinates - 2.4.3.v20160913-0645
2016-11-11 03:16:04,061 - org.eclipse.recommenders.coordinates.rcp - 2.4.3.v20160913-0645
2016-11-11 03:16:04,061 - org.eclipse.recommenders.injection - 2.4.3.v20160913-0645
2016-11-11 03:16:04,062 - org.eclipse.recommenders.jayes - 2.4.3.v20160913-0645
2016-11-11 03:16:04,062 - org.eclipse.recommenders.jayes.io - 2.4.3.v20160913-0645
2016-11-11 03:16:04,063 - org.eclipse.recommenders.jdt - 2.4.3.v20160913-0645
2016-11-11 03:16:04,063 - org.eclipse.recommenders.models - 2.4.3.v20160913-0645
2016-11-11 03:16:04,063 - org.eclipse.recommenders.models.rcp - 2.4.3.v20160913-0645
2016-11-11 03:16:04,063 - org.eclipse.recommenders.net - 2.4.3.v20160913-0645
2016-11-11 03:16:04,064 - org.eclipse.recommenders.overrides - 2.4.3.v20160913-0645
2016-11-11 03:16:04,064 - org.eclipse.recommenders.overrides.rcp - 2.4.3.v20160913-0645
2016-11-11 03:16:04,064 - org.eclipse.recommenders.subwords.rcp - 2.4.3.v20160913-0645
2016-11-11 03:16:04,064 - org.eclipse.recommenders.types.rcp - 2.4.3.v20160913-0645
2016-11-11 03:16:04,065 - org.eclipse.recommenders.utils - 2.4.3.v20160913-0645
2016-11-11 03:16:04,065 - org.eclipse.recommenders.utils.rcp - 2.4.3.v20160913-0645
2016-11-11 03:16:04,070 - org.eclipse.mylyn.hudson.core - 1.12.0.v20160524-1837
2016-11-11 03:16:04,070 - org.eclipse.mylyn.hudson.ui - 1.12.0.v20160421-2142
2016-11-11 03:16:04,076 - org.eclipse.epp.mpc.core - 1.5.2.v20161004-1655
2016-11-11 03:16:04,076 - org.eclipse.epp.mpc.ui - 1.5.2.v20161005-1414
2016-11-11 03:16:04,076 - org.eclipse.epp.mpc.help.ui - 1.5.2.v20161004-1655
2016-11-11 03:16:04,076 - org.apache.httpcomponents.httpclient - 4.3.6.v201511171540
2016-11-11 03:16:04,076 - org.apache.httpcomponents.httpcore - 4.3.3.v201411290715
2016-11-11 03:16:04,078 - org.eclipse.mylyn.git.core - 1.12.0.v20160421-1824
2016-11-11 03:16:04,078 - org.eclipse.mylyn.git.ui - 1.12.0.v20160421-1824
2016-11-11 03:16:04,082 - org.eclipse.epp.package.java - 4.6.1.20160912-1200
2016-11-11 03:16:04,084 - org.eclipse.recommenders.snipmatch - 2.4.3.v20160913-0645
2016-11-11 03:16:04,084 - org.eclipse.recommenders.snipmatch.rcp - 2.4.3.v20160913-0645
2016-11-11 03:16:04,089 - org.eclipse.mylyn.commons.repositories.http.core - 1.12.0.v20160421-1819
2016-11-11 03:16:04,094 - org.eclipse.mylyn.java.ui - 3.20.0.v20160421-1902
2016-11-11 03:16:04,094 - org.eclipse.mylyn.java.tasks - 3.20.0.v20160421-1902
2016-11-11 03:16:04,094 - org.eclipse.mylyn.ide.ui - 3.20.0.v20160421-1902
2016-11-11 03:16:04,094 - org.eclipse.mylyn.ide.ant - 3.20.0.v20160421-1902
2016-11-11 03:16:04,094 - org.eclipse.mylyn.debug.ui - 3.20.0.v20160421-1902
2016-11-11 03:16:04,102 - org.eclipse.mylyn.team.ui - 3.20.0.v20160421-1902
2016-11-11 03:16:04,105 - org.eclipse.mylyn.commons.repositories.core - 1.12.0.v20160421-1819
2016-11-11 03:16:04,105 - org.eclipse.mylyn.commons.repositories.ui - 1.12.0.v20160421-1819
2016-11-11 03:16:04,110 - org.eclipse.jdt - 3.12.1.v20160907-1200
2016-11-11 03:16:04,110 - org.eclipse.ant.ui - 3.6.200.v20160525-1820
2016-11-11 03:16:04,110 - org.eclipse.jdt.apt.core - 3.4.100.v20160525-0952
2016-11-11 03:16:04,110 - org.eclipse.jdt.apt.ui - 3.4.100.v20160418-1457
2016-11-11 03:16:04,110 - org.eclipse.jdt.apt.pluggable.core - 1.1.100.v20160418-1457
2016-11-11 03:16:04,111 - org.eclipse.jdt.compiler.apt - 1.2.100.v20160418-1457
2016-11-11 03:16:04,113 - org.eclipse.jdt.compiler.tool - 1.1.100.v20160418-1457
2016-11-11 03:16:04,113 - org.eclipse.jdt.core - 3.12.1.v_OTDT_r251_201609131451
2016-11-11 03:16:04,114 - org.eclipse.jdt.annotation - 2.1.0.v20160418-1457
2016-11-11 03:16:04,114 - org.eclipse.jdt.annotation - 2.1.0.v20160418-1457
2016-11-11 03:16:04,114 - org.eclipse.jdt.core.manipulation - 1.7.0.v20160419-0705
2016-11-11 03:16:04,114 - org.eclipse.jdt.debug.ui - 3.7.201.v20160811-0450
2016-11-11 03:16:04,114 - org.eclipse.jdt.debug - 3.10.1.v20160811-0441
2016-11-11 03:16:04,114 - org.eclipse.jdt.junit - 3.9.0.v20160421-1701
2016-11-11 03:16:04,114 - org.eclipse.jdt.junit.core - 3.8.0.v20160421-1701
2016-11-11 03:16:04,115 - org.eclipse.jdt.junit.runtime - 3.4.600.v20160505-0715
2016-11-11 03:16:04,115 - org.eclipse.jdt.junit4.runtime - 1.1.600.v20160505-0715
2016-11-11 03:16:04,115 - org.eclipse.jdt.launching - 3.8.100.v20160505-0636
2016-11-11 03:16:04,115 - org.eclipse.jdt.ui - 3.12.1.v20160822-0645
2016-11-11 03:16:04,120 - org.junit - 4.12.0.v201504281640
2016-11-11 03:16:04,120 - org.hamcrest.core - 1.3.0.v201303031735
2016-11-11 03:16:04,120 - org.eclipse.jdt.doc.user - 3.12.1.v20160727-2009
2016-11-11 03:16:04,120 - org.eclipse.ant.launching - 1.1.200.v20160418-1631
2016-11-11 03:16:04,129 - org.eclipse.emf.common - 2.12.0.v20160420-0247
2016-11-11 03:16:04,134 - org.eclipse.egit.mylyn.ui - 4.4.1.201607150455-r
2016-11-11 03:16:04,137 - org.eclipse.mylyn.monitor.core - 3.20.0.v20160421-1819
2016-11-11 03:16:04,137 - org.eclipse.mylyn.monitor.ui - 3.20.0.v20160421-1819
2016-11-11 03:16:04,143 - org.eclipse.oomph.setup.editor - 1.5.0.v20160707-0243
2016-11-11 03:16:04,143 - org.eclipse.oomph.setup.ui - 1.5.0.v20160914-0644
2016-11-11 03:16:04,143 - org.eclipse.oomph.setup.doc - 1.5.0.v20160707-0243
2016-11-11 03:16:04,143 - org.eclipse.oomph.setup.ui.questionnaire - 1.5.0.v20160818-1158
2016-11-11 03:16:04,143 - org.eclipse.oomph.jreinfo.ui - 1.5.0.v20160707-0243
2016-11-11 03:16:04,152 - org.eclipse.emf.ecore - 2.12.0.v20160420-0247
2016-11-11 03:16:04,152 - org.eclipse.emf.ecore.change - 2.11.0.v20160420-0247
2016-11-11 03:16:04,152 - org.eclipse.emf.ecore.xmi - 2.12.0.v20160420-0247
2016-11-11 03:16:04,155 - org.eclipse.jgit - 4.4.1.201607150455-r
2016-11-11 03:16:04,155 - org.eclipse.jgit.archive - 4.4.1.201607150455-r
2016-11-11 03:16:04,155 - com.jcraft.jsch - 0.1.53.v201508180515
2016-11-11 03:16:04,156 - javaewah - 0.7.9.v201605172130
2016-11-11 03:16:04,156 - org.apache.commons.compress - 1.6.0.v201310281400
2016-11-11 03:16:04,156 - org.slf4j.api - 1.7.2.v20121108-1250
2016-11-11 03:16:04,157 - org.slf4j.impl.log4j12 - 1.7.2.v20131105-2200
2016-11-11 03:16:04,157 - org.apache.log4j - 1.2.15.v201012070815
2016-11-11 03:16:04,168 - org.eclipse.mylyn.wikitext.core - 2.9.0.v20160513-1433
2016-11-11 03:16:04,168 - org.eclipse.mylyn.wikitext.core.ant - 2.9.0.v20160513-1433
2016-11-11 03:16:04,168 - org.eclipse.mylyn.wikitext.core.osgi - 2.9.0.v20160513-1433
2016-11-11 03:16:04,168 - org.eclipse.mylyn.wikitext.textile.core - 2.9.0.v20160513-1433
2016-11-11 03:16:04,170 - org.eclipse.mylyn.wikitext.html.core - 2.9.0.v20160513-1433
2016-11-11 03:16:04,170 - org.eclipse.mylyn.wikitext.markdown.core - 2.9.0.v20160513-1433
2016-11-11 03:16:04,170 - org.eclipse.mylyn.wikitext.mediawiki.core - 2.9.0.v20160513-1433
2016-11-11 03:16:04,171 - org.eclipse.mylyn.wikitext.mediawiki.core.ant - 2.9.0.v20160513-1433
2016-11-11 03:16:04,171 - org.eclipse.mylyn.wikitext.confluence.core - 2.9.0.v20160513-1433
2016-11-11 03:16:04,171 - org.eclipse.mylyn.wikitext.tracwiki.core - 2.9.0.v20160513-1433
2016-11-11 03:16:04,171 - org.eclipse.mylyn.wikitext.twiki.core - 2.9.0.v20160519-0832
2016-11-11 03:16:04,171 - org.eclipse.mylyn.wikitext.ui - 2.9.0.v20160516-1547
2016-11-11 03:16:04,171 - org.eclipse.mylyn.wikitext.help.ui - 2.9.0.v20160524-0547
2016-11-11 03:16:04,171 - org.eclipse.mylyn.wikitext.textile.ui - 2.9.0.v20160513-1433
2016-11-11 03:16:04,171 - org.eclipse.mylyn.wikitext.markdown.ui - 2.9.0.v20160513-1433
2016-11-11 03:16:04,171 - org.eclipse.mylyn.wikitext.mediawiki.ui - 2.9.0.v20160513-1433
2016-11-11 03:16:04,171 - org.eclipse.mylyn.wikitext.confluence.ui - 2.9.0.v20160513-1433
2016-11-11 03:16:04,171 - org.eclipse.mylyn.wikitext.tracwiki.ui - 2.9.0.v20160513-1433
2016-11-11 03:16:04,171 - org.eclipse.mylyn.wikitext.twiki.ui - 2.9.0.v20160513-1433
2016-11-11 03:16:04,171 - org.eclipse.mylyn.wikitext.tasks.ui - 2.9.0.v20160513-1433
2016-11-11 03:16:04,171 - org.eclipse.mylyn.wikitext.context.ui - 2.9.0.v20160513-1433
2016-11-11 03:16:04,171 - org.eclipse.mylyn.wikitext.asciidoc.core - 2.9.0.v20160524-1633
2016-11-11 03:16:04,171 - org.eclipse.mylyn.wikitext.asciidoc.ui - 2.9.0.v20160516-1451
2016-11-11 03:16:04,180 - org.eclipse.recommenders.mylyn.rcp - 2.4.3.v20160913-0645
2016-11-11 03:16:04,186 - org.eclipse.mylyn.builds.core - 1.12.0.v20160421-2142
2016-11-11 03:16:04,186 - org.eclipse.mylyn.builds.ui - 1.12.0.v20160421-2142
2016-11-11 03:16:04,191 - org.eclipse.mylyn.context.core - 3.20.0.v20160421-1902
2016-11-11 03:16:04,191 - org.eclipse.mylyn.context.ui - 3.20.0.v20160421-1902
2016-11-11 03:16:04,191 - org.eclipse.mylyn.resources.ui - 3.20.0.v20160421-1902
2016-11-11 03:16:04,191 - org.eclipse.mylyn.context.tasks.ui - 3.20.0.v20160608-1905
2016-11-11 03:16:04,216 - org.apache.ant - 1.9.6.v201510161327
2016-11-11 03:16:04,216 - org.eclipse.ant.core - 3.4.100.v20160505-0642
2016-11-11 03:16:04,216 - com.jcraft.jsch - 0.1.53.v201508180515
2016-11-11 03:16:04,217 - org.eclipse.compare.core - 3.6.0.v20160418-1534
2016-11-11 03:16:04,217 - org.eclipse.compare - 3.6.0.v20160418-1534
2016-11-11 03:16:04,217 - org.eclipse.core.filebuffers - 3.6.0.v20160503-1849
2016-11-11 03:16:04,217 - org.eclipse.core.filesystem - 1.6.0.v20160503-1608
2016-11-11 03:16:04,217 - org.eclipse.core.net - 1.3.0.v20160418-1534
2016-11-11 03:16:04,218 - org.eclipse.core.net.linux.x86_64 - 1.2.0.v20160323-1650
2016-11-11 03:16:04,219 - org.eclipse.core.resources - 3.11.0.v20160503-1608
2016-11-11 03:16:04,219 - org.eclipse.osgi.util - 3.3.100.v20150423-1351
2016-11-11 03:16:04,219 - org.eclipse.debug.core - 3.10.100.v20160419-1720
2016-11-11 03:16:04,219 - org.eclipse.debug.ui - 3.11.201.v20160825-1412
2016-11-11 03:16:04,219 - org.eclipse.equinox.event - 1.3.200.v20160324-1850
2016-11-11 03:16:04,219 - org.eclipse.ltk.core.refactoring - 3.7.0.v20160419-0705
2016-11-11 03:16:04,219 - org.eclipse.ltk.ui.refactoring - 3.8.0.v20160518-1817
2016-11-11 03:16:04,220 - org.eclipse.platform - 4.6.1.v20160907-1200
2016-11-11 03:16:04,220 - org.eclipse.platform.doc.user - 4.6.1.v20160727-2009
2016-11-11 03:16:04,220 - org.eclipse.search - 3.11.0.v20160519-1501
2016-11-11 03:16:04,220 - org.eclipse.team.core - 3.8.0.v20160418-1534
2016-11-11 03:16:04,220 - org.eclipse.team.ui - 3.8.0.v20160518-1906
2016-11-11 03:16:04,220 - org.eclipse.text - 3.6.0.v20160503-1849
2016-11-11 03:16:04,220 - org.eclipse.jface.text - 3.11.1.v20160819-1517
2016-11-11 03:16:04,220 - org.eclipse.jsch.core - 1.3.0.v20160422-1917
2016-11-11 03:16:04,220 - org.eclipse.jsch.ui - 1.3.0.v20160323-1650
2016-11-11 03:16:04,220 - org.eclipse.ui.console - 3.6.200.v20160518-1858
2016-11-11 03:16:04,220 - org.eclipse.ui.intro - 3.5.1.v20160829-1558
2016-11-11 03:16:04,220 - org.eclipse.ui.intro.universal - 3.3.1.v20160829-1558
2016-11-11 03:16:04,221 - org.eclipse.ui.cheatsheets - 3.5.0.v20160504-0839
2016-11-11 03:16:04,221 - org.eclipse.ui.browser - 3.5.1.v20160712-0914
2016-11-11 03:16:04,221 - org.eclipse.ui.monitoring - 1.1.0.v20160131-1628
2016-11-11 03:16:04,221 - org.eclipse.ui.navigator - 3.6.100.v20160518-1929
2016-11-11 03:16:04,221 - org.eclipse.ui.navigator.resources - 3.5.100.v20160518-1929
2016-11-11 03:16:04,221 - org.eclipse.ui.net - 1.3.0.v20160426-1633
2016-11-11 03:16:04,221 - org.eclipse.ui.workbench.texteditor - 3.10.1.v20160818-1626
2016-11-11 03:16:04,221 - org.eclipse.ui.views - 3.8.101.v20160816-1954
2016-11-11 03:16:04,221 - org.eclipse.ui.editors - 3.10.0.v20160505-0931
2016-11-11 03:16:04,221 - org.eclipse.ui.externaltools - 3.3.100.v20160518-1858
2016-11-11 03:16:04,221 - org.eclipse.ui.ide - 3.12.1.v20160823-0925
2016-11-11 03:16:04,221 - org.eclipse.ui.ide.application - 1.1.101.v20160829-0827
2016-11-11 03:16:04,221 - org.eclipse.core.filesystem.linux.x86_64 - 1.2.200.v20140124-1940
2016-11-11 03:16:04,221 - org.eclipse.core.variables - 3.3.0.v20160419-1720
2016-11-11 03:16:04,221 - org.eclipse.ui.forms - 3.7.0.v20160518-1929
2016-11-11 03:16:04,221 - org.eclipse.ui.views.properties.tabbed - 3.7.0.v20160310-0903
2016-11-11 03:16:04,221 - org.eclipse.equinox.security - 1.2.200.v20150715-1528
2016-11-11 03:16:04,221 - org.eclipse.equinox.security.ui - 1.1.300.v20150803-1225
2016-11-11 03:16:04,221 - org.eclipse.core.externaltools - 1.0.400.v20160509-1057
2016-11-11 03:16:04,221 - org.eclipse.ui.themes - 1.1.200.v20160815-0536
2016-11-11 03:16:04,221 - org.eclipse.core.runtime - 3.12.0.v20160606-1342
2016-11-11 03:16:04,221 - org.eclipse.ui.intro.quicklinks - 1.0.0.v20160515-0255
2016-11-11 03:16:04,224 - org.eclipse.mylyn.discovery.core - 3.20.0.v20160421-1819
2016-11-11 03:16:04,224 - org.eclipse.mylyn.discovery.ui - 3.20.0.v20160421-1819
2016-11-11 03:16:04,227 - org.eclipse.oomph.setup - 1.5.0.v20160818-1158
2016-11-11 03:16:04,227 - org.eclipse.oomph.setup.edit - 1.5.0.v20160707-0243
2016-11-11 03:16:04,227 - org.eclipse.oomph.setup.core - 1.5.0.v20160913-0854
2016-11-11 03:16:04,227 - org.eclipse.oomph.setup.sync - 1.5.0.v20160707-0243
2016-11-11 03:16:04,227 - org.eclipse.oomph.setup.p2 - 1.5.0.v20160707-0243
2016-11-11 03:16:04,227 - org.eclipse.oomph.setup.p2.edit - 1.5.0.v20160706-1149
2016-11-11 03:16:04,227 - org.eclipse.oomph.preferences - 1.5.0.v20160807-0831
2016-11-11 03:16:04,227 - org.eclipse.oomph.jreinfo - 1.5.0.v20160807-1022
2016-11-11 03:16:04,227 - org.eclipse.oomph.extractor.lib - 1.2.0.v20160519-0740
2016-11-11 03:16:04,227 - org.apache.commons.logging - 1.1.1.v201101211721
2016-11-11 03:16:04,227 - org.apache.commons.codec - 1.6.0.v201305230611
2016-11-11 03:16:04,228 - org.apache.httpcomponents.httpclient - 4.3.6.v201511171540
2016-11-11 03:16:04,228 - org.apache.httpcomponents.httpcore - 4.3.3.v201411290715
2016-11-11 03:16:04,228 - org.eclipse.userstorage - 1.0.0.v20160524-0709
2016-11-11 03:16:04,228 - org.eclipse.userstorage.ui - 1.0.0.v20151216-0912
