2016-11-11 03:16:04,228 [Worker-0] DEBUG class java.lang.Class - Starting Andmore Common Plugin...
2016-11-11 03:16:04,228 [Worker-0] DEBUG class java.lang.Class - Andmore Common Plugin started.
2016-11-11 03:16:04,228 [Worker-0] DEBUG class java.lang.Class - Starting Andmore Plugin...
2016-11-11 03:16:04,233 [Worker-0] DEBUG class java.lang.Class - Andmore Plugin started.
2016-11-11 03:16:04,256 [Worker-0] DEBUG class java.lang.Class - Starting Andmore Emulator Plugin...
2016-11-11 03:16:04,281 [Worker-0] DEBUG class java.lang.Class - Andmore Emulator Plugin started.
2016-11-11 03:16:05,634 [Worker-0] DEBUG class java.lang.Class - Starting Andmore Device Services Plugin...
2016-11-11 03:16:05,634 [Worker-0] DEBUG class java.lang.Class - Andmore Device Services Plugin started.
2016-11-11 03:16:05,717 [Worker-0] DEBUG class java.lang.Class - Starting Andmore Handset Plugin...
2016-11-11 03:16:05,718 [Worker-0] DEBUG class java.lang.Class - Andmore Handset Plugin started.
2016-11-11 03:16:05,754 [Worker-0] DEBUG class java.lang.Class - Starting Andmore Remote Device Plugin...
2016-11-11 03:16:05,755 [Worker-0] DEBUG class java.lang.Class - Starting Andmore Remote Device Plugin started.
2016-11-11 03:16:05,780 [Worker-0] ERROR Studio for Android - Handler could not be instanced(PLUGIN=org.eclipse.sequoyah.device.framework;ERROR=202)
2016-11-11 03:16:05,790 [Worker-0] ERROR Studio for Android - Handler could not be instanced(PLUGIN=org.eclipse.sequoyah.device.framework;ERROR=202)
2016-11-11 03:16:05,790 [Worker-0] ERROR Studio for Android - Handler could not be instanced(PLUGIN=org.eclipse.sequoyah.device.framework;ERROR=202)
2016-11-11 03:16:05,790 [Worker-0] ERROR Studio for Android - Handler could not be instanced(PLUGIN=org.eclipse.sequoyah.device.framework;ERROR=202)
2016-11-11 03:16:05,790 [Worker-0] ERROR Studio for Android - Handler could not be instanced(PLUGIN=org.eclipse.sequoyah.device.framework;ERROR=202)
2016-11-11 03:16:05,790 [Worker-0] ERROR Studio for Android - Handler could not be instanced(PLUGIN=org.eclipse.sequoyah.device.framework;ERROR=202)
2016-11-11 03:16:05,790 [Worker-0] ERROR Studio for Android - Handler could not be instanced(PLUGIN=org.eclipse.sequoyah.device.framework;ERROR=202)
2016-11-11 03:16:05,791 [Worker-0] ERROR Studio for Android - Handler could not be instanced(PLUGIN=org.eclipse.sequoyah.device.framework;ERROR=202)
2016-11-11 03:16:05,791 [Worker-0] ERROR Studio for Android - Handler could not be instanced(PLUGIN=org.eclipse.sequoyah.device.framework;ERROR=202)
2016-11-11 03:16:05,791 [Worker-0] ERROR Studio for Android - Handler could not be instanced(PLUGIN=org.eclipse.sequoyah.device.framework;ERROR=202)
2016-11-11 03:16:05,791 [Worker-0] ERROR Studio for Android - Handler could not be instanced(PLUGIN=org.eclipse.sequoyah.device.framework;ERROR=202)
2016-11-11 03:16:05,791 [Worker-0] ERROR Studio for Android - Handler could not be instanced(PLUGIN=org.eclipse.sequoyah.device.framework;ERROR=202)
2016-11-11 03:16:05,791 [Worker-0] ERROR Studio for Android - Handler could not be instanced(PLUGIN=org.eclipse.sequoyah.device.framework;ERROR=202)
2016-11-11 03:16:05,793 [Worker-0] ERROR Studio for Android - Handler could not be instanced(PLUGIN=org.eclipse.sequoyah.device.framework;ERROR=202)
2016-11-11 03:16:05,793 [Worker-0] ERROR Studio for Android - Handler could not be instanced(PLUGIN=org.eclipse.sequoyah.device.framework;ERROR=202)
2016-11-11 03:16:05,793 [Worker-0] ERROR Studio for Android - Handler could not be instanced(PLUGIN=org.eclipse.sequoyah.device.framework;ERROR=202)
2016-11-11 03:16:05,793 [Worker-0] ERROR Studio for Android - Handler could not be instanced(PLUGIN=org.eclipse.sequoyah.device.framework;ERROR=202)
2016-11-11 03:16:05,793 [Worker-0] ERROR Studio for Android - Handler could not be instanced(PLUGIN=org.eclipse.sequoyah.device.framework;ERROR=202)
2016-11-11 03:16:05,794 [Worker-0] ERROR Studio for Android - Handler could not be instanced(PLUGIN=org.eclipse.sequoyah.device.framework;ERROR=202)
2016-11-11 03:16:05,794 [Worker-0] ERROR Studio for Android - Handler could not be instanced(PLUGIN=org.eclipse.sequoyah.device.framework;ERROR=202)
2016-11-11 03:16:05,794 [Worker-0] ERROR Studio for Android - Handler could not be instanced(PLUGIN=org.eclipse.sequoyah.device.framework;ERROR=202)
2016-11-11 03:16:05,794 [Worker-0] ERROR Studio for Android - Handler could not be instanced(PLUGIN=org.eclipse.sequoyah.device.framework;ERROR=202)
2016-11-11 03:16:05,794 [Worker-0] ERROR Studio for Android - Handler could not be instanced(PLUGIN=org.eclipse.sequoyah.device.framework;ERROR=202)
2016-11-11 03:16:05,794 [Worker-0] ERROR Studio for Android - Handler could not be instanced(PLUGIN=org.eclipse.sequoyah.device.framework;ERROR=202)
2016-11-11 03:16:05,796 [Worker-0] ERROR Studio for Android - Handler could not be instanced(PLUGIN=org.eclipse.sequoyah.device.framework;ERROR=202)
2016-11-11 03:16:05,796 [Worker-0] ERROR Studio for Android - Handler could not be instanced(PLUGIN=org.eclipse.sequoyah.device.framework;ERROR=202)
2016-11-11 03:16:05,796 [Worker-0] ERROR Studio for Android - Handler could not be instanced(PLUGIN=org.eclipse.sequoyah.device.framework;ERROR=202)
2016-11-11 03:16:05,796 [Worker-0] ERROR Studio for Android - Handler could not be instanced(PLUGIN=org.eclipse.sequoyah.device.framework;ERROR=202)
2016-11-11 03:16:05,796 [Worker-0] ERROR Studio for Android - Handler could not be instanced(PLUGIN=org.eclipse.sequoyah.device.framework;ERROR=202)
2016-11-11 03:16:05,796 [Worker-0] ERROR Studio for Android - Handler could not be instanced(PLUGIN=org.eclipse.sequoyah.device.framework;ERROR=202)
2016-11-11 03:16:05,796 [Worker-0] INFO  Studio for Android - [Status: id=org.eclipse.andmore.android.emulator.status.offline;name=Offline]
2016-11-11 03:16:05,796 [Worker-0] INFO  Studio for Android - [Status: id=org.eclipse.andmore.android.handset.status.handsetonline;name=Online]
2016-11-11 03:16:05,796 [Worker-0] INFO  Studio for Android - [Status: id=INACTIVE;name=INACTIVE]
2016-11-11 03:16:05,796 [Worker-0] INFO  Studio for Android - [Status: id=org.eclipse.andmore.android.emulator.status.notavailable;name=Not available]
2016-11-11 03:16:05,796 [Worker-0] INFO  Studio for Android - [Status: id=IDLE;name=IDLE]
2016-11-11 03:16:05,796 [Worker-0] INFO  Studio for Android - [Status: id=org.eclipse.andmore.android.remote.status.connected;name=Connected]
2016-11-11 03:16:05,796 [Worker-0] INFO  Studio for Android - [Status: id=org.eclipse.andmore.android.remote.status.disconnected;name=Disconnected]
2016-11-11 03:16:05,796 [Worker-0] INFO  Studio for Android - [Status: id=org.eclipse.andmore.android.emulator.status.online;name=Online]
2016-11-11 03:16:05,796 [Worker-0] INFO  Studio for Android - [Status: id=OFF;name=OFF]
2016-11-11 03:16:05,796 [Worker-0] INFO  Studio for Android - [Status: id=org.eclipse.andmore.android.emulator.status.offlineNoData;name=Offline (no user data)]
2016-11-11 03:16:06,545 [Worker-3] ERROR Studio for Android - org.eclipse.sequoyah.localization.tools.managers.LocalizationManager: Error getting Localization Schema
2016-11-11 03:16:06,554 [Worker-3] ERROR Studio for Android - org.eclipse.sequoyah.localization.tools.managers.LocalizationManager: Error getting Localization Schema
2016-11-11 03:16:59,489 [Worker-5] DEBUG class org.eclipse.andmore.android.AndroidPlugin - Notify SDK loader listeners
2016-11-11 10:19:51,716 [main] DEBUG class java.lang.Class - Starting Eclipse Andmore Database Core Plugin...
2016-11-11 10:19:51,790 [main] DEBUG Studio for Android - JDBC Driver Location:bundleentry://816.fwk1289454852/res/androidjdbc.jar JDBC Driver getBundle().getLocation():reference:file:../../../home/alyptik/.eclipse/org.eclipse.platform_4.6.1_155965261_linux_gtk_x86_64/plugins/org.eclipse.andmore.android.common_0.5.0.201605181018.jar
2016-11-11 10:19:51,811 [main] DEBUG Studio for Android - JDBC Driver Path:/home/alyptik/.eclipse/org.eclipse.platform_4.6.1_155965261_linux_gtk_x86_64/configuration/org.eclipse.osgi/816/0/.cp/res/androidjdbc.jar
2016-11-11 10:19:51,811 [main] DEBUG Studio for Android - JDBC Driver Location:bundleentry://816.fwk1289454852/res/androidjdbc.jar JDBC Driver getBundle().getLocation():reference:file:../../../home/alyptik/.eclipse/org.eclipse.platform_4.6.1_155965261_linux_gtk_x86_64/plugins/org.eclipse.andmore.android.common_0.5.0.201605181018.jar
2016-11-11 10:19:51,811 [main] DEBUG Studio for Android - JDBC Driver Path:/home/alyptik/.eclipse/org.eclipse.platform_4.6.1_155965261_linux_gtk_x86_64/configuration/org.eclipse.osgi/816/0/.cp/res/androidjdbc.jar
2016-11-11 10:19:51,816 [main] INFO  Studio for Android - Created a JDBC driver instance at Data Tools.
2016-11-11 10:19:51,824 [main] DEBUG class java.lang.Class - Eclipse Andmore Database Core Plugin started.
2016-11-11 10:19:51,824 [main] DEBUG class java.lang.Class - Starting Eclipse Andmore Database Devices Support Plugin...
2016-11-11 10:19:51,828 [main] DEBUG class java.lang.Class - Eclipse Andmore Database Devices Support Plugin started...
2016-11-11 10:19:52,754 [Framework stop] DEBUG Studio for Android - org.eclipse.sequoyah.device.service.start.StartServicePlugin-SHUTDOWN
2016-11-11 10:19:52,769 [Framework stop] DEBUG Studio for Android - org.eclipse.sequoyah.device.framework.ui.DeviceUIPlugin-SHUTDOWN
2016-11-11 10:19:52,770 [Framework stop] DEBUG Studio for Android - org.eclipse.sequoyah.device.service.stop.StopServicePlugin-SHUTDOWN
2016-11-11 10:19:52,770 [Framework stop] DEBUG Studio for Android - org.eclipse.sequoyah.device.framework.DevicePlugin-SHUTDOWN
