2016-07-17T14:00:38 Checking update-file '/usr/share/apps/kconf_update/kio_help.upd' for new updates
2016-07-17T14:00:38 kio_help.upd: Found new update 'kde3_2'
2016-07-17T14:00:38 kio_help.upd: Running script 'move_kio_help_cache.sh'
2016-07-17T14:00:38 [Script] mv: cannot stat '/home/alyptik/.kde4/share/apps/kio_help/cache': No such file or directory
2016-07-17T14:00:38 [Script] rmdir: failed to remove '/home/alyptik/.kde4/share/apps/kio_help': No such file or directory
2016-07-17T14:00:38 Checking update-file '/usr/share/apps/kconf_update/kopete-update_yahoo_server.upd' for new updates
2016-07-17T14:00:38 kopete-update_yahoo_server.upd: Found new update 'kopete-update-yahoo-server/r1'
2016-07-17T14:00:38 kopete-update_yahoo_server.upd: Running script 'kopete-update_yahoo_server.pl'
2016-07-17T14:00:38 Checking update-file '/usr/share/apps/kconf_update/devicepreference.upd' for new updates
2016-07-17T14:00:38 devicepreference.upd: Found new update 'DevicesMovedToPlatformPlugin'
2016-07-17T14:00:38 devicepreference.upd: Running script 'phonon_devicepreference_update'
2016-07-17T14:00:38 devicepreference.upd: Found new update 'DevicesUIDsChanged'
2016-07-17T14:00:38 devicepreference.upd: Running script 'phonon_deviceuids_update'
2016-07-17T14:00:38 Checking update-file '/usr/share/apps/kconf_update/drkonqi-rename-config-section.upd' for new updates
2016-07-17T14:00:38 drkonqi-rename-config-section.upd: Found new update 'kde-4.11'
2016-07-17T14:00:38 drkonqi-rename-config-section.upd: File 'drkonqirc' does not exist or empty, skipping
2016-07-17T14:00:38 Checking update-file '/usr/share/apps/kconf_update/kopete-pluginloader2.upd' for new updates
2016-07-17T14:00:38 kopete-pluginloader2.upd: Found new update 'kopete0.8/r1'
2016-07-17T14:00:38 kopete-pluginloader2.upd: Running script 'kopete-pluginloader2.sh'
2016-07-17T14:00:38 [Script] /usr/share/apps/kconf_update/kopete-pluginloader2.sh: line 5: kde-config: command not found
2016-07-17T14:00:38 Checking update-file '/usr/share/apps/kconf_update/kopete-update_icq_ssl.upd' for new updates
2016-07-17T14:00:38 kopete-update_icq_ssl.upd: Found new update 'kopete-update-icq-ssl/r1'
2016-07-17T14:00:38 kopete-update_icq_ssl.upd: Running script 'kopete-update_icq_ssl.pl'
2016-07-17T14:00:38 Checking update-file '/usr/share/apps/kconf_update/kopete-gaim_to_pidgin_style.upd' for new updates
2016-07-17T14:00:38 kopete-gaim_to_pidgin_style.upd: Found new update 'kopete0.70.85/r1'
2016-07-17T14:00:38 kopete-gaim_to_pidgin_style.upd: Running script 'kopete-gaim_to_pidgin_style.pl'
2016-07-17T14:00:38 Checking update-file '/usr/share/apps/kconf_update/okular.upd' for new updates
2016-07-17T14:00:38 okular.upd: Found new update 'sep_settings'
2016-07-17T14:00:38 okular.upd: File 'okularpartrc' does not exist or empty, skipping
2016-07-17T14:00:38 Checking update-file '/usr/share/apps/kconf_update/kwallet-4.13.upd' for new updates
2016-07-17T14:00:38 kwallet-4.13.upd: Found new update 'kde4.13'
2016-07-17T14:00:38 kwallet-4.13.upd: File 'kwalletrc' does not exist or empty, skipping
2016-07-17T14:00:38 Checking update-file '/usr/share/apps/kconf_update/kget.upd' for new updates
2016-07-17T14:00:38 kget.upd: Found new update '2.8.0'
2016-07-17T14:00:38 kget.upd: File 'kgetrc' does not exist or empty, skipping
2016-07-17T14:00:38 kget.upd: Found new update '2.8.0/multiseg'
2016-07-17T14:00:38 kget.upd: File 'kget_multisegkiofactory.rc' does not exist or empty, skipping
2016-07-17T14:00:38 kget.upd: Found new update '2.8.0/sensitive'
2016-07-17T14:00:38 kget.upd: File 'kgetrc' does not exist or empty, skipping
2016-07-17T14:00:38 kget.upd: Found new update '2.8.0/limitdownloads'
2016-07-17T14:00:38 kget.upd: File 'kgetrc' does not exist or empty, skipping
2016-07-17T14:00:38 Checking update-file '/usr/share/apps/kconf_update/kcookiescfg.upd' for new updates
2016-07-17T14:00:38 kcookiescfg.upd: Found new update 'kde2.2/b1'
2016-07-17T14:00:38 kcookiescfg.upd: File 'kcookiejarrc' does not exist or empty, skipping
2016-07-17T14:00:38 kcookiescfg.upd: Found new update 'kde3.1/cvs'
2016-07-17T14:00:38 kcookiescfg.upd: File 'kcookiejarrc' does not exist or empty, skipping
2016-07-17T14:00:38 kcookiescfg.upd: Found new update 'kde4.10/git'
2016-07-17T14:00:38 kcookiescfg.upd: File 'kcookiejarrc' does not exist or empty, skipping
2016-07-17T14:00:38 Checking update-file '/usr/share/apps/kconf_update/kopete-jabberpriorityaddition-kconf_update.upd' for new updates
2016-07-17T14:00:38 kopete-jabberpriorityaddition-kconf_update.upd: Found new update 'kopete0.9/r1'
2016-07-17T14:00:38 kopete-jabberpriorityaddition-kconf_update.upd: Running script 'kopete-jabberpriorityaddition-kconf_update.sh'
2016-07-17T14:00:38 Checking update-file '/usr/share/apps/kconf_update/kopete-update_icq_server.upd' for new updates
2016-07-17T14:00:38 kopete-update_icq_server.upd: Found new update 'kopete-update-icq-server/r1'
2016-07-17T14:00:38 kopete-update_icq_server.upd: Running script 'kopete-update_icq_server.pl'
2016-07-17T14:00:38 Checking update-file '/usr/share/apps/kconf_update/kded.upd' for new updates
2016-07-17T14:00:38 kded.upd: Found new update 'kde3.0'
2016-07-17T14:00:38 kded.upd: File 'kdedrc' does not exist or empty, skipping
2016-07-17T14:00:38 Checking update-file '/usr/share/apps/kconf_update/kopete-jabberproxytype-kconf_update.upd' for new updates
2016-07-17T14:00:38 kopete-jabberproxytype-kconf_update.upd: Found new update 'kopete0.9/r1'
2016-07-17T14:00:38 kopete-jabberproxytype-kconf_update.upd: Running script 'kopete-jabberproxytype-kconf_update.sh'
2016-07-17T14:00:38 Checking update-file '/usr/share/apps/kconf_update/kopete-initialstatus.upd' for new updates
2016-07-17T14:00:38 kopete-initialstatus.upd: Found new update 'kopete0.60.80/r1'
2016-07-17T14:00:38 kopete-initialstatus.upd: Running script 'kopete-initialstatus.pl'
2016-07-17T14:00:38 kopete-initialstatus.upd: Script removes kopeterc:Behavior:autoConnect
2016-07-17T14:00:38 Checking update-file '/usr/share/apps/kconf_update/mailtransports.upd' for new updates
2016-07-17T14:00:38 mailtransports.upd: Found new update 'initial-kmail-migration'
2016-07-17T14:00:38 mailtransports.upd: File 'kmailrc' does not exist or empty, skipping
2016-07-17T14:00:38 mailtransports.upd: Found new update 'initial-knode-migration'
2016-07-17T14:00:38 mailtransports.upd: File 'knoderc' does not exist or empty, skipping
2016-07-17T14:00:38 Checking update-file '/usr/share/apps/kconf_update/kioslave.upd' for new updates
2016-07-17T14:00:38 kioslave.upd: Found new update 'kde2.2/r1'
2016-07-17T14:00:38 kioslave.upd: File 'kioslaverc' does not exist or empty, skipping
2016-07-17T14:00:38 kioslave.upd: Skipping update 'kde2.2/r1'
2016-07-17T14:00:38 kioslave.upd: File 'kioslaverc' does not exist or empty, skipping
2016-07-17T14:00:38 kioslave.upd: Found new update 'kde2.2/r2'
2016-07-17T14:00:38 kioslave.upd: File 'kioslaverc' does not exist or empty, skipping
2016-07-17T14:00:38 kioslave.upd: Found new update 'kde2.2/r3'
2016-07-17T14:00:38 kioslave.upd: File 'kioslaverc' does not exist or empty, skipping
2016-07-17T14:00:38 Checking update-file '/usr/share/apps/kconf_update/ksslcertificatemanager.upd' for new updates
2016-07-17T14:00:38 ksslcertificatemanager.upd: Found new update 'kde4.2'
2016-07-17T14:00:38 ksslcertificatemanager.upd: Running script 'ksslcertificatemanager.upd.sh'
2016-07-17T14:00:38 [Script] rm: cannot remove '/home/alyptik/.kde4//share/config/ksslcertificatemanager': No such file or directory
2016-07-17T14:00:38 ksslcertificatemanager.upd: !! An error occurred while running 'sh /usr/share/apps/kconf_update/ksslcertificatemanager.upd.sh'
2016-07-17T14:00:38 Checking update-file '/usr/share/apps/kconf_update/kopete-account-kconf_update.upd' for new updates
2016-07-17T14:00:38 kopete-account-kconf_update.upd: Found new update 'kopete0.7/r1'
2016-07-17T14:00:38 kopete-account-kconf_update.upd: Running script 'kopete-account-kconf_update.sh'
2016-07-17T14:00:38 [Script] /usr/share/apps/kconf_update/kopete-account-kconf_update.sh: line 5: kde-config: command not found
2016-07-17T14:00:38 kopete-account-kconf_update.upd: Found new update 'kopete0.10/r1'
2016-07-17T14:00:38 kopete-account-kconf_update.upd: Running script 'kopete-account-0.10.pl'
2016-07-17T14:00:38 Checking update-file '/usr/share/apps/kconf_update/kopete-pluginloader.upd' for new updates
2016-07-17T14:00:38 kopete-pluginloader.upd: Found new update 'kopete0.7/r1'
2016-07-17T14:00:38 kopete-pluginloader.upd: Running script 'kopete-pluginloader.pl'
2016-07-17T14:00:38 kopete-pluginloader.upd: Script removes kopeterc::Modules
2016-07-17T14:00:38 Checking update-file '/usr/share/apps/kconf_update/kgthemeprovider-migration.upd' for new updates
2016-07-17T14:00:38 kgthemeprovider-migration.upd: Found new update 'bomber'
2016-07-17T14:00:38 kgthemeprovider-migration.upd: File 'bomberrc' does not exist or empty, skipping
2016-07-17T14:00:38 kgthemeprovider-migration.upd: Found new update 'granatier'
2016-07-17T14:00:38 kgthemeprovider-migration.upd: File 'granatierrc' does not exist or empty, skipping
2016-07-17T14:00:38 kgthemeprovider-migration.upd: Found new update 'kbounce'
2016-07-17T14:00:38 kgthemeprovider-migration.upd: File 'kbouncerc' does not exist or empty, skipping
2016-07-17T14:00:38 kgthemeprovider-migration.upd: Found new update 'kbreakout'
2016-07-17T14:00:38 kgthemeprovider-migration.upd: File 'kbreakoutrc' does not exist or empty, skipping
2016-07-17T14:00:38 kgthemeprovider-migration.upd: Found new update 'kdiamond'
2016-07-17T14:00:38 kgthemeprovider-migration.upd: File 'kdiamondrc' does not exist or empty, skipping
2016-07-17T14:00:38 kgthemeprovider-migration.upd: Found new update 'killbots'
2016-07-17T14:00:38 kgthemeprovider-migration.upd: File 'killbotsrc' does not exist or empty, skipping
2016-07-17T14:00:38 kgthemeprovider-migration.upd: Found new update 'klickety'
2016-07-17T14:00:38 kgthemeprovider-migration.upd: File 'klickety' does not exist or empty, skipping
2016-07-17T14:00:38 kgthemeprovider-migration.upd: Found new update 'klines'
2016-07-17T14:00:38 kgthemeprovider-migration.upd: File 'klines' does not exist or empty, skipping
2016-07-17T14:00:38 kgthemeprovider-migration.upd: Found new update 'kmines'
2016-07-17T14:00:38 kgthemeprovider-migration.upd: File 'kmines' does not exist or empty, skipping
2016-07-17T14:00:38 kgthemeprovider-migration.upd: Found new update 'knetwalk'
2016-07-17T14:00:38 kgthemeprovider-migration.upd: File 'knetwalk' does not exist or empty, skipping
2016-07-17T14:00:38 kgthemeprovider-migration.upd: Found new update 'kpat'
2016-07-17T14:00:38 kgthemeprovider-migration.upd: File 'kpat' does not exist or empty, skipping
2016-07-17T14:00:38 Checking update-file '/usr/share/apps/kconf_update/kuriikwsfilter.upd' for new updates
2016-07-17T14:00:38 kuriikwsfilter.upd: Found new update 'post-kde3.1/cvs'
2016-07-17T14:00:38 kuriikwsfilter.upd: File 'kuriikwsfilterrc' does not exist or empty, skipping
2016-07-17T14:00:38 kuriikwsfilter.upd: Found new update 'pre-kde4.9'
2016-07-17T14:00:38 kuriikwsfilter.upd: File 'kuriikwsfilterrc' does not exist or empty, skipping
2016-07-17T14:00:38 Checking update-file '/usr/share/apps/kconf_update/disable_kmix.upd' for new updates
2016-07-17T14:00:38 disable_kmix.upd: Found new update 'PlasmaVolume_DisableKMixAutostart'
2016-07-17T14:00:38 disable_kmix.upd: File 'kmixrc' does not exist or empty, skipping
2016-07-17T14:00:38 Checking update-file '/usr/share/apps/kconf_update/kopete-nameTracking.upd' for new updates
2016-07-17T14:00:38 kopete-nameTracking.upd: Found new update 'kopete0.9/r1'
2016-07-17T14:00:38 kopete-nameTracking.upd:3:'Script=kopete-nameTracking-kconf_update': Script 'kopete-nameTracking-kconf_update' not found
2016-07-17T19:53:46 Checking update-file '/usr/share/apps/kconf_update/disable_kmix.upd' for new updates
2016-07-19T12:52:11 Checking update-file '/usr/share/apps/kconf_update/disable_kmix.upd' for new updates
2016-08-02T17:30:22 Checking update-file '/usr/share/apps/kconf_update/disable_kmix.upd' for new updates
